SF:lib/controller/controller_halfit.dart
DA:16,2
DA:19,0
DA:20,0
DA:24,2
DA:25,2
DA:28,6
DA:52,2
DA:54,2
DA:55,8
DA:56,4
DA:58,8
DA:59,4
DA:60,4
DA:61,4
DA:62,2
DA:63,2
DA:64,2
DA:65,2
DA:66,2
DA:69,0
DA:71,0
DA:74,2
DA:77,4
DA:78,4
DA:79,2
DA:80,2
DA:81,2
DA:82,2
DA:83,2
DA:84,2
DA:85,1
DA:87,1
DA:89,4
DA:90,4
DA:91,1
DA:93,6
DA:96,4
DA:97,5
DA:99,6
DA:100,6
DA:101,6
DA:102,4
DA:103,4
DA:105,2
DA:107,4
DA:108,10
DA:110,2
DA:111,2
DA:113,2
DA:116,4
DA:118,3
DA:119,1
DA:122,4
DA:128,6
DA:129,2
DA:130,6
DA:131,2
DA:135,2
DA:140,1
DA:142,1
DA:145,3
DA:148,7
DA:149,2
DA:150,7
DA:154,4
DA:159,0
DA:162,1
DA:164,1
DA:167,3
DA:170,2
DA:173,1
DA:175,1
DA:178,1
DA:179,4
DA:182,1
DA:184,1
DA:185,6
DA:188,1
DA:190,1
DA:191,6
DA:194,1
DA:195,7
DA:198,1
DA:199,4
DA:202,0
DA:207,1
DA:212,1
DA:213,2
DA:214,2
DA:215,2
DA:217,1
DA:219,1
DA:222,1
LF:93
LH:87
end_of_record
SF:lib/controller/controller_xxxcheckout.dart
DA:17,3
DA:20,0
DA:21,0
DA:25,3
DA:26,3
DA:55,3
DA:57,3
DA:58,3
DA:59,9
DA:60,6
DA:61,9
DA:62,9
DA:63,9
DA:65,6
DA:66,6
DA:67,6
DA:68,9
DA:69,6
DA:70,6
DA:71,3
DA:72,3
DA:73,3
DA:74,3
DA:75,6
DA:76,3
DA:77,3
DA:78,3
DA:79,3
DA:80,3
DA:81,3
DA:82,3
DA:83,3
DA:86,0
DA:88,0
DA:91,2
DA:94,4
DA:97,4
DA:98,4
DA:99,2
DA:100,2
DA:101,2
DA:102,2
DA:103,2
DA:104,2
DA:105,2
DA:106,2
DA:107,2
DA:108,2
DA:109,2
DA:110,3
DA:113,1
DA:115,10
DA:117,2
DA:118,3
DA:119,1
DA:120,1
DA:121,2
DA:122,3
DA:123,1
DA:131,4
DA:132,2
DA:133,4
DA:134,0
DA:140,4
DA:141,0
DA:143,6
DA:145,8
DA:146,4
DA:148,6
DA:149,4
DA:150,4
DA:151,4
DA:152,4
DA:153,6
DA:154,6
DA:155,6
DA:156,6
DA:157,6
DA:158,2
DA:159,2
DA:160,2
DA:163,7
DA:165,6
DA:168,6
DA:169,4
DA:170,4
DA:171,4
DA:173,0
DA:175,2
DA:176,4
DA:177,4
DA:178,2
DA:179,4
DA:180,4
DA:181,4
DA:182,6
DA:183,4
DA:185,2
DA:188,4
DA:194,6
DA:195,2
DA:196,2
DA:197,2
DA:198,4
DA:199,4
DA:200,6
DA:201,2
DA:205,2
DA:208,2
DA:210,2
DA:215,1
DA:217,1
DA:220,1
DA:222,7
DA:223,2
DA:224,3
DA:229,3
DA:230,2
DA:232,2
DA:233,1
DA:236,2
DA:237,2
DA:241,2
DA:242,2
DA:248,0
DA:251,0
DA:253,0
DA:254,0
DA:255,0
DA:258,0
DA:259,0
DA:260,0
DA:263,0
DA:264,0
DA:267,1
DA:269,1
DA:272,1
DA:273,4
DA:276,1
DA:277,4
DA:280,1
DA:281,4
DA:284,1
DA:285,4
DA:288,1
DA:289,6
DA:292,1
DA:293,6
DA:296,1
DA:297,1
DA:298,1
DA:299,2
DA:300,2
DA:304,2
DA:307,4
DA:311,4
DA:312,12
DA:315,2
DA:319,0
DA:322,0
DA:324,0
DA:325,0
DA:330,1
DA:335,1
DA:337,2
DA:339,2
DA:341,2
DA:343,2
DA:345,2
DA:347,2
DA:349,1
DA:351,1
DA:356,1
LF:173
LH:152
end_of_record
SF:lib/view/view_halfit.dart
DA:11,20
DA:18,1
DA:22,3
DA:24,1
DA:27,1
DA:28,0
DA:32,2
DA:33,1
DA:35,1
DA:36,1
DA:37,1
DA:39,1
DA:40,1
DA:43,1
DA:45,2
DA:49,1
DA:51,1
DA:52,1
DA:54,1
DA:55,1
DA:57,1
DA:58,1
DA:60,1
DA:62,1
DA:64,1
DA:66,1
DA:75,1
DA:77,1
DA:86,1
DA:88,1
DA:101,1
DA:103,1
DA:121,1
DA:123,1
DA:124,1
DA:125,1
DA:127,1
DA:132,1
DA:133,2
DA:140,1
DA:141,2
DA:146,1
DA:148,1
DA:149,1
LF:44
LH:43
end_of_record
SF:lib/view/view_xxxcheckout.dart
DA:11,21
DA:18,1
DA:21,1
DA:24,1
DA:25,0
DA:27,1
DA:29,0
DA:32,0
DA:33,0
DA:34,0
DA:35,0
DA:36,0
DA:40,0
DA:46,1
DA:49,0
DA:51,1
DA:52,1
DA:53,1
DA:55,1
DA:56,1
DA:59,1
DA:61,2
DA:65,1
DA:67,1
DA:68,1
DA:70,1
DA:72,1
DA:74,1
DA:75,1
DA:77,1
DA:79,1
DA:81,1
DA:83,1
DA:92,1
DA:94,1
DA:103,1
DA:105,1
DA:114,1
DA:116,1
DA:125,1
DA:127,1
DA:145,1
DA:147,1
DA:148,1
DA:149,1
DA:151,1
DA:156,1
DA:157,2
DA:164,1
DA:165,2
DA:172,1
DA:173,2
DA:178,1
DA:180,1
DA:181,1
LF:55
LH:46
end_of_record
SF:lib/widget/menu.dart
DA:33,1
DA:38,3
DA:39,1
DA:43,0
DA:46,1
DA:50,0
DA:53,1
DA:57,0
DA:60,1
DA:64,0
DA:67,1
DA:71,0
DA:74,1
DA:78,0
DA:81,1
DA:85,0
DA:88,1
DA:92,0
DA:95,1
DA:99,0
DA:102,1
DA:106,0
DA:109,1
DA:113,0
DA:116,1
DA:120,0
DA:123,1
DA:127,0
DA:130,1
DA:134,0
DA:137,1
DA:141,0
DA:144,1
DA:148,0
DA:151,1
DA:155,0
DA:158,1
DA:162,0
DA:165,1
DA:170,0
DA:173,1
DA:177,0
DA:182,0
DA:185,0
DA:186,0
DA:188,0
DA:189,0
DA:190,0
DA:193,0
DA:194,0
DA:195,0
DA:198,0
DA:200,0
DA:205,0
DA:206,0
DA:208,0
DA:210,0
DA:217,0
DA:218,0
DA:219,0
DA:232,15
DA:248,0
DA:255,0
DA:257,0
DA:259,0
DA:260,0
DA:262,0
DA:263,0
DA:265,0
DA:267,0
DA:268,0
DA:269,0
DA:273,0
DA:274,0
DA:276,0
DA:277,0
DA:278,0
LF:77
LH:23
end_of_record
SF:lib/controller/controller_base.dart
DA:19,15
DA:20,30
DA:24,13
DA:25,13
DA:26,0
DA:28,13
DA:32,9
DA:33,18
DA:34,9
DA:38,9
DA:39,9
DA:40,18
DA:44,9
DA:45,9
DA:46,9
DA:50,13
DA:55,13
DA:66,0
DA:72,0
DA:74,0
DA:79,0
DA:84,10
DA:92,10
DA:93,18
DA:94,30
DA:96,0
DA:97,10
DA:98,10
DA:99,10
DA:100,0
DA:102,30
DA:103,20
DA:106,10
DA:107,30
LF:34
LH:27
end_of_record
SF:lib/services/stats_service.dart
DA:7,15
DA:10,9
DA:11,18
DA:12,27
DA:16,8
DA:18,16
DA:22,2
DA:27,16
DA:28,14
DA:29,16
DA:34,0
DA:35,0
DA:36,0
DA:37,0
DA:39,0
DA:45,7
DA:46,14
DA:47,14
DA:50,7
DA:53,7
DA:54,15
DA:57,14
DA:61,0
DA:62,0
DA:63,0
DA:68,13
DA:69,26
DA:73,5
DA:74,10
DA:75,10
LF:30
LH:22
end_of_record
SF:lib/services/summary_service.dart
DA:8,9
DA:13,9
DA:16,9
DA:17,9
DA:23,2
DA:25,4
DA:29,11
DA:30,22
DA:34,5
DA:35,10
DA:39,1
DA:46,1
DA:49,2
DA:52,2
DA:53,1
DA:54,2
DA:56,2
DA:62,2
LF:18
LH:18
end_of_record
SF:lib/services/storage_service.dart
DA:10,15
DA:14,13
DA:16,13
DA:18,0
DA:19,0
DA:29,13
DA:31,13
DA:34,13
DA:36,1
DA:37,2
DA:47,9
DA:49,9
DA:52,9
DA:55,0
DA:56,0
DA:65,0
DA:66,0
LF:17
LH:11
end_of_record
SF:lib/widget/summary_dialog.dart
DA:8,9
DA:14,9
DA:16,9
DA:20,9
DA:21,9
DA:23,9
DA:24,9
DA:26,9
DA:32,36
DA:34,9
DA:35,3
DA:38,3
DA:39,3
DA:40,6
DA:41,0
DA:42,9
DA:43,3
DA:48,3
DA:49,3
DA:57,9
DA:58,18
DA:59,0
DA:60,27
DA:61,9
DA:67,9
DA:69,9
DA:70,9
DA:71,0
DA:72,0
DA:73,0
DA:75,9
DA:96,11
LF:32
LH:27
end_of_record
SF:lib/utils/stats_formatter.dart
DA:10,14
DA:15,14
DA:18,28
DA:21,28
DA:22,14
DA:23,28
DA:27,28
DA:28,14
DA:29,28
DA:32,14
DA:36,1
DA:37,1
DA:38,1
DA:42,1
DA:43,1
DA:47,1
DA:48,1
DA:52,1
DA:53,1
DA:57,14
DA:58,14
DA:60,13
DA:61,14
DA:62,13
DA:64,2
DA:69,1
DA:74,1
DA:76,2
DA:78,2
DA:79,3
DA:82,2
DA:83,3
LF:32
LH:32
end_of_record
SF:lib/controller/controller_bobs27.dart
DA:16,1
DA:19,0
DA:20,0
DA:24,1
DA:25,1
DA:40,1
DA:42,1
DA:43,4
DA:44,2
DA:46,2
DA:47,2
DA:48,2
DA:49,1
DA:50,1
DA:51,1
DA:52,1
DA:53,1
DA:54,1
DA:57,0
DA:59,0
DA:61,1
DA:64,2
DA:65,4
DA:66,2
DA:67,2
DA:70,2
DA:71,2
DA:72,2
DA:75,5
DA:76,2
DA:77,5
DA:78,5
DA:81,1
DA:82,2
DA:85,1
DA:91,1
DA:97,2
DA:102,2
DA:107,1
DA:108,1
DA:111,5
DA:112,2
DA:113,6
DA:116,1
DA:117,2
DA:121,2
DA:122,1
DA:123,1
DA:124,2
DA:125,0
DA:126,0
DA:129,2
DA:130,3
DA:131,2
DA:132,2
DA:133,2
DA:136,1
DA:139,1
DA:140,3
DA:141,1
DA:146,1
DA:151,0
DA:156,1
DA:161,1
DA:162,2
DA:163,2
DA:169,1
DA:170,1
DA:171,1
DA:174,1
DA:178,1
DA:180,1
DA:183,1
DA:186,1
DA:187,1
DA:189,1
DA:193,1
DA:194,4
DA:197,1
DA:199,1
DA:200,4
DA:201,3
DA:202,4
DA:204,1
DA:207,3
DA:210,1
DA:212,1
DA:213,4
DA:214,4
DA:215,4
DA:217,1
DA:220,3
DA:223,1
DA:224,1
DA:225,1
DA:226,1
DA:227,1
DA:228,1
DA:232,1
DA:233,2
DA:236,5
DA:237,1
DA:240,1
DA:241,2
DA:242,2
DA:243,2
DA:244,2
DA:246,1
DA:248,1
DA:252,1
DA:259,1
DA:261,1
DA:262,2
DA:263,2
DA:264,2
DA:265,2
DA:269,0
DA:272,1
DA:274,2
DA:277,3
DA:278,3
DA:281,2
LF:122
LH:114
end_of_record
SF:lib/interfaces/numpad_controller.dart
DA:6,0
LF:1
LH:0
end_of_record
SF:lib/controller/controller_catchxx.dart
DA:16,1
DA:19,0
DA:20,0
DA:24,1
DA:25,1
DA:39,1
DA:41,1
DA:42,4
DA:43,2
DA:45,2
DA:46,2
DA:47,2
DA:48,2
DA:49,1
DA:50,1
DA:51,1
DA:52,1
DA:55,0
DA:57,0
DA:59,1
DA:62,2
DA:63,2
DA:64,2
DA:65,2
DA:67,2
DA:68,2
DA:69,2
DA:70,2
DA:71,2
DA:72,2
DA:77,1
DA:83,3
DA:88,1
DA:90,3
DA:91,3
DA:92,2
DA:93,4
DA:95,2
DA:96,2
DA:97,3
DA:99,1
DA:102,2
DA:103,0
DA:104,0
DA:107,2
DA:108,2
DA:111,1
DA:115,0
DA:117,0
DA:118,0
DA:119,0
DA:120,0
DA:124,0
DA:127,0
DA:129,0
DA:132,0
DA:133,0
DA:136,0
DA:142,1
DA:144,2
DA:146,1
DA:148,0
DA:149,0
DA:150,0
DA:159,1
DA:161,1
DA:163,1
DA:164,1
DA:165,1
DA:172,1
DA:173,6
DA:176,1
DA:177,4
DA:180,1
DA:182,1
DA:183,6
DA:186,1
DA:188,1
DA:189,6
DA:192,1
DA:195,1
DA:199,3
DA:205,1
DA:210,1
DA:216,1
DA:217,1
DA:218,1
DA:219,1
DA:220,1
DA:221,2
DA:225,1
DA:226,2
DA:227,2
DA:228,2
DA:229,2
DA:231,1
DA:233,1
DA:237,1
LF:98
LH:78
end_of_record
SF:lib/controller/controller_check121.dart
DA:16,1
DA:19,0
DA:20,0
DA:24,1
DA:25,1
DA:43,1
DA:45,1
DA:46,1
DA:47,3
DA:48,2
DA:50,2
DA:51,2
DA:52,2
DA:53,2
DA:54,1
DA:55,1
DA:56,1
DA:57,1
DA:58,1
DA:59,1
DA:60,1
DA:63,0
DA:65,0
DA:68,1
DA:71,2
DA:72,4
DA:75,5
DA:76,5
DA:77,5
DA:80,2
DA:81,2
DA:82,2
DA:83,2
DA:86,2
DA:87,1
DA:88,1
DA:91,1
DA:92,2
DA:93,2
DA:94,1
DA:99,1
DA:100,2
DA:102,2
DA:106,5
DA:108,1
DA:114,1
DA:120,2
DA:125,2
DA:130,5
DA:133,1
DA:135,2
DA:136,2
DA:139,2
DA:140,1
DA:141,1
DA:142,3
DA:143,1
DA:149,2
DA:152,1
DA:153,3
DA:157,2
DA:160,3
DA:161,2
DA:166,2
DA:167,3
DA:168,3
DA:169,2
DA:170,3
DA:172,1
DA:175,1
DA:180,0
DA:185,1
DA:190,1
DA:191,4
DA:194,1
DA:195,4
DA:198,1
DA:200,1
DA:201,4
DA:202,3
DA:203,4
DA:204,7
DA:206,1
DA:208,1
DA:211,3
DA:214,1
DA:215,1
DA:216,1
DA:217,1
DA:218,1
DA:219,1
DA:220,1
DA:224,1
DA:226,2
DA:227,1
DA:231,2
DA:232,1
DA:235,1
DA:237,2
DA:239,2
DA:241,2
DA:243,2
DA:245,2
DA:249,1
DA:250,1
DA:253,1
DA:255,1
DA:260,1
DA:267,1
DA:269,1
DA:270,3
DA:271,2
DA:272,2
DA:273,1
DA:274,1
DA:279,0
DA:282,1
DA:284,2
DA:288,2
DA:290,2
DA:292,3
DA:293,2
DA:294,1
DA:298,3
DA:299,3
LF:125
LH:119
end_of_record
SF:lib/controller/controller_doublepath.dart
DA:16,1
DA:19,0
DA:20,0
DA:24,1
DA:25,1
DA:45,1
DA:47,1
DA:48,1
DA:49,3
DA:50,2
DA:52,2
DA:53,2
DA:54,2
DA:55,2
DA:56,1
DA:57,1
DA:60,0
DA:62,0
DA:65,1
DA:68,2
DA:69,2
DA:70,2
DA:71,2
DA:72,2
DA:73,2
DA:74,1
DA:81,2
DA:83,2
DA:91,1
DA:93,2
DA:94,2
DA:97,4
DA:98,2
DA:100,2
DA:101,1
DA:104,2
DA:105,3
DA:106,1
DA:111,1
DA:113,1
DA:115,1
DA:117,1
DA:125,1
DA:127,4
DA:128,1
DA:130,1
DA:131,1
DA:132,1
DA:136,0
DA:139,1
DA:141,4
DA:142,1
DA:144,6
DA:148,2
DA:149,4
DA:152,2
DA:153,2
DA:156,2
DA:159,1
DA:160,1
DA:162,5
DA:163,2
DA:164,2
DA:166,3
DA:169,1
DA:170,1
DA:172,3
DA:173,4
DA:176,2
DA:177,1
DA:179,3
DA:182,1
DA:183,1
DA:185,3
DA:186,4
DA:189,2
DA:190,1
DA:192,3
DA:195,1
DA:198,2
DA:201,4
DA:204,2
DA:205,2
DA:210,0
DA:215,1
DA:220,0
DA:221,0
DA:223,0
DA:225,0
DA:226,0
DA:232,1
DA:234,2
DA:236,2
DA:238,2
DA:240,1
DA:242,1
DA:245,1
LF:97
LH:86
end_of_record
SF:lib/controller/controller_finishes.dart
DA:19,1
DA:22,0
DA:23,0
DA:27,1
DA:28,1
DA:31,3
DA:32,1
DA:33,1
DA:34,1
DA:36,1
DA:37,1
DA:38,1
DA:40,1
DA:41,1
DA:42,1
DA:44,1
DA:45,1
DA:46,1
DA:48,1
DA:49,1
DA:50,1
DA:52,1
DA:53,1
DA:54,1
DA:56,1
DA:57,1
DA:58,1
DA:60,1
DA:61,1
DA:62,1
DA:64,1
DA:65,1
DA:66,1
DA:68,1
DA:69,1
DA:70,1
DA:72,1
DA:73,1
DA:74,1
DA:76,1
DA:77,1
DA:78,1
DA:80,1
DA:81,1
DA:82,1
DA:84,1
DA:85,1
DA:86,1
DA:88,1
DA:89,1
DA:90,1
DA:92,1
DA:93,1
DA:94,1
DA:96,1
DA:97,1
DA:98,1
DA:100,1
DA:101,1
DA:102,1
DA:104,1
DA:105,1
DA:106,1
DA:108,1
DA:109,1
DA:110,1
DA:112,1
DA:113,1
DA:114,1
DA:116,1
DA:117,1
DA:118,1
DA:120,1
DA:121,1
DA:122,1
DA:124,1
DA:125,1
DA:126,1
DA:128,1
DA:129,1
DA:130,1
DA:132,1
DA:133,1
DA:134,1
DA:136,1
DA:137,1
DA:138,1
DA:140,1
DA:141,1
DA:142,1
DA:144,1
DA:145,1
DA:146,1
DA:148,1
DA:149,1
DA:150,1
DA:152,1
DA:153,1
DA:154,1
DA:156,1
DA:157,1
DA:158,1
DA:160,1
DA:161,1
DA:162,1
DA:164,1
DA:165,1
DA:166,1
DA:168,1
DA:169,1
DA:170,1
DA:172,1
DA:173,1
DA:174,1
DA:176,1
DA:177,1
DA:178,1
DA:180,1
DA:181,1
DA:182,1
DA:184,1
DA:185,1
DA:186,1
DA:188,1
DA:189,1
DA:190,1
DA:192,1
DA:193,1
DA:194,1
DA:196,1
DA:197,1
DA:198,1
DA:200,1
DA:201,1
DA:202,1
DA:204,1
DA:205,1
DA:206,1
DA:208,1
DA:209,1
DA:210,1
DA:212,1
DA:213,1
DA:214,1
DA:216,1
DA:217,1
DA:218,1
DA:220,1
DA:221,1
DA:222,1
DA:224,1
DA:225,1
DA:226,1
DA:228,1
DA:229,1
DA:230,1
DA:232,1
DA:233,1
DA:234,1
DA:236,1
DA:237,1
DA:238,1
DA:240,1
DA:241,1
DA:242,1
DA:244,1
DA:245,1
DA:246,1
DA:248,1
DA:249,1
DA:250,1
DA:252,1
DA:253,1
DA:254,1
DA:256,1
DA:257,1
DA:258,1
DA:260,1
DA:261,1
DA:262,1
DA:264,1
DA:265,1
DA:266,1
DA:268,1
DA:269,1
DA:270,1
DA:272,1
DA:273,1
DA:274,1
DA:276,1
DA:277,1
DA:278,1
DA:280,1
DA:281,1
DA:282,1
DA:284,1
DA:285,1
DA:286,1
DA:288,1
DA:289,1
DA:290,1
DA:292,1
DA:293,1
DA:294,1
DA:296,1
DA:297,1
DA:298,1
DA:300,1
DA:301,1
DA:302,1
DA:304,1
DA:305,1
DA:306,1
DA:308,1
DA:309,1
DA:310,1
DA:312,1
DA:313,1
DA:314,1
DA:316,1
DA:317,1
DA:318,1
DA:320,1
DA:321,1
DA:322,1
DA:324,1
DA:325,1
DA:326,1
DA:328,1
DA:329,1
DA:330,1
DA:332,1
DA:333,1
DA:334,1
DA:336,1
DA:337,1
DA:338,1
DA:340,1
DA:341,1
DA:342,1
DA:344,1
DA:345,1
DA:346,1
DA:348,1
DA:349,1
DA:350,1
DA:352,1
DA:353,1
DA:354,1
DA:356,1
DA:357,1
DA:358,1
DA:360,1
DA:361,1
DA:362,1
DA:364,1
DA:365,1
DA:366,1
DA:368,1
DA:369,1
DA:370,1
DA:372,1
DA:373,1
DA:374,1
DA:376,1
DA:377,1
DA:378,1
DA:380,1
DA:381,1
DA:382,1
DA:384,1
DA:385,1
DA:386,1
DA:388,1
DA:389,1
DA:390,1
DA:392,1
DA:393,1
DA:394,1
DA:396,1
DA:397,1
DA:398,1
DA:400,1
DA:401,1
DA:402,1
DA:404,1
DA:405,1
DA:406,1
DA:408,1
DA:409,1
DA:410,1
DA:412,1
DA:413,1
DA:414,1
DA:416,1
DA:417,1
DA:418,1
DA:420,1
DA:421,1
DA:422,1
DA:424,1
DA:425,1
DA:426,1
DA:428,1
DA:429,1
DA:430,1
DA:432,1
DA:433,1
DA:434,1
DA:436,1
DA:437,1
DA:438,1
DA:440,1
DA:441,1
DA:442,1
DA:467,1
DA:469,1
DA:470,4
DA:471,2
DA:472,3
DA:473,3
DA:476,1
DA:477,1
DA:478,1
DA:480,1
DA:483,0
DA:485,0
DA:488,1
DA:489,1
DA:492,2
DA:493,6
DA:494,1
DA:497,3
DA:499,1
DA:500,5
DA:501,5
DA:502,2
DA:503,2
DA:504,1
DA:505,1
DA:506,1
DA:507,2
DA:508,2
DA:509,1
DA:512,1
DA:513,3
DA:516,1
DA:517,2
DA:520,1
DA:521,2
DA:524,1
DA:525,2
DA:526,2
DA:527,0
DA:528,0
DA:531,1
DA:532,2
DA:535,1
DA:536,1
DA:539,1
DA:540,1
DA:543,0
DA:544,0
DA:547,1
DA:548,2
DA:549,0
DA:550,0
DA:553,0
DA:555,0
DA:556,0
DA:557,0
DA:558,0
DA:559,0
DA:560,0
DA:561,0
DA:562,0
DA:563,0
DA:567,0
DA:568,0
DA:569,0
DA:570,0
DA:571,0
DA:572,0
DA:573,0
DA:575,0
DA:580,0
DA:584,0
DA:586,0
DA:588,0
DA:589,0
DA:593,0
DA:594,0
DA:595,0
DA:596,0
DA:598,0
DA:603,0
DA:605,0
DA:606,0
DA:608,0
DA:609,0
DA:610,0
DA:611,0
DA:615,0
DA:618,0
DA:620,0
DA:621,0
DA:624,0
DA:625,0
DA:626,0
DA:628,0
DA:629,0
DA:630,0
DA:631,0
DA:635,0
DA:636,0
DA:638,0
DA:639,0
DA:642,0
DA:648,0
DA:650,0
DA:651,0
DA:652,0
DA:656,1
DA:657,2
DA:659,1
DA:661,1
DA:663,1
DA:664,1
DA:665,1
DA:666,1
DA:667,1
DA:668,1
DA:672,0
DA:673,0
DA:674,0
DA:677,1
DA:678,2
DA:679,2
DA:680,2
DA:681,2
DA:682,2
DA:685,1
DA:687,1
DA:688,2
DA:689,2
DA:691,1
DA:692,2
DA:693,2
DA:699,0
DA:701,0
DA:702,0
DA:705,0
DA:708,0
DA:711,0
DA:712,0
DA:714,0
LF:456
LH:380
end_of_record
SF:lib/controller/controller_killbull.dart
DA:16,1
DA:19,0
DA:20,0
DA:24,1
DA:25,1
DA:37,1
DA:39,1
DA:40,4
DA:41,2
DA:43,2
DA:44,2
DA:45,2
DA:46,1
DA:47,1
DA:48,1
DA:51,0
DA:53,0
DA:55,1
DA:58,2
DA:59,3
DA:60,2
DA:61,2
DA:62,2
DA:63,2
DA:64,2
DA:68,2
DA:73,1
DA:76,3
DA:77,2
DA:78,2
DA:79,3
DA:81,1
DA:84,1
DA:85,1
DA:87,3
DA:88,1
DA:92,2
DA:95,1
DA:100,1
DA:102,1
DA:103,2
DA:104,2
DA:105,2
DA:109,0
DA:112,1
DA:115,3
DA:116,3
DA:119,4
DA:122,1
DA:123,6
DA:126,1
DA:127,4
DA:130,1
DA:131,4
DA:134,1
DA:135,4
DA:138,0
DA:143,1
DA:148,1
DA:154,1
DA:155,1
DA:156,1
DA:157,1
DA:158,2
DA:162,1
DA:163,2
DA:164,2
DA:165,2
DA:166,2
DA:168,1
DA:170,1
DA:174,1
LF:72
LH:66
end_of_record
SF:lib/controller/controller_rtcx.dart
DA:16,1
DA:19,0
DA:20,0
DA:24,1
DA:25,1
DA:37,1
DA:39,1
DA:40,4
DA:41,2
DA:42,3
DA:44,2
DA:45,1
DA:46,1
DA:47,1
DA:48,1
DA:51,0
DA:53,0
DA:56,1
DA:59,2
DA:60,2
DA:61,2
DA:62,2
DA:63,2
DA:64,2
DA:69,3
DA:71,2
DA:74,2
DA:75,2
DA:76,2
DA:78,1
DA:81,8
DA:82,3
DA:84,1
DA:86,2
DA:90,1
DA:97,1
DA:99,1
DA:100,1
DA:101,1
DA:102,2
DA:103,3
DA:107,0
DA:110,1
DA:112,3
DA:115,1
DA:116,2
DA:117,4
DA:121,1
DA:122,2
DA:123,1
DA:124,4
DA:129,2
DA:132,1
DA:133,1
DA:136,1
DA:137,6
DA:140,1
DA:146,0
DA:148,0
DA:150,0
DA:153,1
DA:158,1
DA:159,1
DA:160,1
DA:161,1
DA:162,2
DA:166,1
DA:167,2
DA:168,2
DA:169,2
DA:170,2
DA:172,1
DA:174,1
DA:177,1
DA:181,1
LF:75
LH:67
end_of_record
SF:lib/controller/controller_shootx.dart
DA:16,1
DA:19,0
DA:20,0
DA:24,1
DA:25,1
DA:39,1
DA:41,1
DA:42,1
DA:43,3
DA:44,2
DA:45,3
DA:46,3
DA:48,2
DA:49,2
DA:50,2
DA:51,1
DA:52,1
DA:55,0
DA:57,0
DA:60,1
DA:63,2
DA:64,2
DA:65,2
DA:67,2
DA:68,2
DA:69,2
DA:70,2
DA:75,2
DA:78,3
DA:79,2
DA:80,2
DA:81,3
DA:83,1
DA:86,3
DA:88,0
DA:89,0
DA:92,2
DA:95,1
DA:100,0
DA:102,0
DA:103,0
DA:104,0
DA:109,0
DA:112,0
DA:114,0
DA:117,0
DA:120,0
DA:123,1
DA:124,6
DA:127,1
DA:128,4
DA:131,1
DA:132,4
DA:135,1
DA:136,4
DA:139,1
DA:144,1
DA:149,1
DA:155,1
DA:156,1
DA:157,1
DA:158,1
DA:159,2
DA:163,1
DA:165,2
DA:167,2
DA:169,2
DA:171,1
DA:173,1
DA:176,1
LF:70
LH:55
end_of_record
SF:lib/controller/controller_speedbull.dart
DA:17,1
DA:20,0
DA:21,0
DA:25,1
DA:26,1
DA:44,1
DA:46,1
DA:47,1
DA:48,3
DA:49,2
DA:52,3
DA:54,2
DA:55,2
DA:56,1
DA:57,1
DA:58,1
DA:59,1
DA:60,1
DA:61,2
DA:64,1
DA:65,1
DA:68,0
DA:70,0
DA:73,1
DA:74,2
DA:76,1
DA:77,2
DA:80,2
DA:81,0
DA:82,0
DA:84,0
DA:85,0
DA:86,0
DA:87,0
DA:91,1
DA:94,1
DA:97,2
DA:98,5
DA:100,5
DA:103,2
DA:104,2
DA:107,2
DA:108,2
DA:111,5
DA:113,1
DA:119,1
DA:124,1
DA:130,2
DA:135,2
DA:140,5
DA:141,2
DA:144,1
DA:145,1
DA:146,2
DA:147,1
DA:148,3
DA:149,1
DA:155,2
DA:156,3
DA:157,2
DA:159,1
DA:162,1
DA:167,0
DA:172,1
DA:177,1
DA:178,2
DA:181,1
DA:183,2
DA:184,1
DA:185,2
DA:188,1
DA:190,1
DA:191,1
DA:195,1
DA:197,2
DA:198,2
DA:200,2
DA:202,1
DA:204,1
DA:207,1
DA:214,1
DA:216,2
DA:218,1
DA:219,2
DA:222,1
DA:223,1
DA:224,2
DA:225,1
DA:230,0
DA:233,1
DA:235,2
DA:239,2
DA:241,2
DA:243,3
DA:244,2
DA:245,1
DA:249,3
DA:253,1
DA:254,1
DA:255,3
DA:257,3
DA:260,1
DA:262,2
DA:263,1
LF:104
LH:92
end_of_record
SF:lib/controller/controller_twodarts.dart
DA:16,1
DA:19,0
DA:20,0
DA:24,1
DA:25,1
DA:35,1
DA:37,1
DA:38,1
DA:39,3
DA:40,2
DA:42,2
DA:43,2
DA:44,1
DA:45,1
DA:48,0
DA:50,0
DA:53,1
DA:56,2
DA:57,2
DA:58,2
DA:60,2
DA:62,2
DA:63,2
DA:65,2
DA:67,1
DA:68,2
DA:70,2
DA:74,2
DA:75,2
DA:76,4
DA:79,1
DA:82,3
DA:83,3
DA:84,1
DA:88,1
DA:92,1
DA:94,1
DA:95,2
DA:100,0
DA:103,1
DA:106,3
DA:109,2
DA:110,2
DA:113,1
DA:114,4
DA:117,1
DA:119,1
DA:120,4
DA:121,3
DA:122,3
DA:124,1
DA:127,3
DA:130,1
DA:133,4
DA:135,5
DA:139,0
DA:144,1
DA:146,2
DA:147,3
DA:152,1
DA:153,1
DA:154,4
DA:155,1
DA:157,7
DA:161,1
DA:163,2
DA:165,2
DA:167,2
DA:169,1
DA:171,1
DA:174,1
LF:71
LH:65
end_of_record
SF:lib/controller/controller_updown.dart
DA:16,1
DA:19,0
DA:20,0
DA:24,1
DA:25,1
DA:38,1
DA:40,1
DA:41,1
DA:42,3
DA:43,2
DA:45,2
DA:46,2
DA:47,2
DA:48,1
DA:49,1
DA:50,1
DA:51,1
DA:52,1
DA:55,0
DA:57,0
DA:60,1
DA:63,2
DA:64,2
DA:65,2
DA:67,2
DA:71,1
DA:72,2
DA:74,2
DA:76,0
DA:81,1
DA:83,2
DA:85,1
DA:87,0
DA:89,2
DA:90,1
DA:93,3
DA:94,0
DA:97,2
DA:98,2
DA:99,2
DA:100,1
DA:106,2
DA:107,1
DA:108,2
DA:111,2
DA:115,1
DA:117,1
DA:119,1
DA:123,3
DA:124,0
DA:128,2
DA:129,2
DA:130,1
DA:131,3
DA:132,3
DA:135,3
DA:136,2
DA:140,1
DA:143,3
DA:144,3
DA:145,1
DA:152,1
DA:154,2
DA:155,4
DA:157,1
DA:158,2
DA:159,1
DA:160,1
DA:161,2
DA:165,0
DA:168,1
DA:170,2
DA:174,2
DA:175,5
DA:178,3
DA:179,3
DA:182,2
DA:185,1
DA:186,1
DA:189,8
DA:191,3
DA:192,2
DA:193,4
DA:195,3
DA:198,1
DA:199,1
DA:202,8
DA:205,3
DA:206,2
DA:207,4
DA:209,3
DA:212,1
DA:213,1
DA:215,4
DA:216,3
DA:219,3
DA:220,1
DA:222,3
DA:225,1
DA:228,3
DA:231,4
DA:234,2
DA:239,0
DA:244,1
DA:249,1
DA:251,6
DA:253,1
DA:254,1
DA:255,1
DA:256,1
DA:261,1
DA:263,2
DA:265,2
DA:267,2
DA:269,2
DA:271,2
DA:273,2
DA:275,1
DA:277,1
DA:282,1
DA:286,1
LF:121
LH:111
end_of_record
SF:lib/styles.dart
DA:3,39
DA:13,0
DA:15,0
DA:18,27
DA:21,9
DA:22,18
DA:30,3
DA:90,36
DA:95,12
DA:96,4
LF:10
LH:8
end_of_record
SF:lib/view/view_bobs27.dart
DA:11,19
DA:18,1
DA:22,3
DA:24,1
DA:27,1
DA:28,0
DA:32,2
DA:33,1
DA:35,1
DA:36,1
DA:37,1
DA:39,1
DA:40,1
DA:43,1
DA:45,2
DA:49,1
DA:51,1
DA:52,1
DA:54,1
DA:55,1
DA:57,1
DA:58,1
DA:60,1
DA:62,1
DA:64,1
DA:66,1
DA:75,1
DA:77,1
DA:86,1
DA:88,1
DA:101,1
DA:103,1
DA:121,1
DA:123,1
DA:124,1
DA:125,1
DA:127,1
DA:132,1
DA:133,2
DA:140,1
DA:141,2
DA:148,1
DA:149,2
DA:156,1
DA:157,2
DA:162,1
DA:164,1
DA:165,1
LF:48
LH:47
end_of_record
SF:lib/widget/header.dart
DA:5,13
DA:12,13
DA:14,13
DA:15,13
DA:16,13
DA:17,13
DA:21,13
DA:23,13
DA:24,13
DA:33,13
DA:35,13
DA:36,0
DA:37,0
DA:39,13
LF:14
LH:12
end_of_record
SF:lib/widget/numpad.dart
DA:7,12
DA:25,12
DA:27,12
DA:28,12
DA:29,12
DA:30,3
DA:31,12
DA:33,12
DA:34,12
DA:35,12
DA:38,12
DA:39,12
DA:40,12
DA:41,24
DA:48,12
DA:49,3
DA:52,3
DA:54,3
DA:55,6
DA:56,3
DA:57,6
DA:61,12
DA:62,5
DA:65,5
DA:67,5
DA:68,10
DA:69,5
DA:70,10
DA:74,12
DA:75,10
DA:78,10
DA:80,10
DA:81,20
DA:82,10
DA:83,20
DA:88,12
DA:89,2
DA:91,2
DA:93,2
DA:94,6
DA:95,4
DA:96,4
DA:101,10
DA:103,10
DA:105,10
DA:106,30
DA:107,20
DA:108,30
DA:120,12
DA:122,12
DA:123,24
DA:124,12
DA:126,12
DA:128,12
DA:129,0
DA:131,0
DA:134,0
DA:135,0
DA:136,0
DA:139,16
DA:140,12
DA:155,1
DA:157,1
DA:159,1
DA:160,1
DA:161,1
DA:163,1
DA:165,1
DA:166,1
DA:167,1
DA:168,1
DA:169,1
DA:170,1
DA:174,1
DA:176,1
DA:178,1
DA:179,1
DA:180,1
DA:181,1
DA:182,1
DA:183,1
LF:81
LH:76
end_of_record
SF:lib/widget/scorecolumn.dart
DA:5,10
DA:16,10
DA:17,20
DA:20,10
DA:22,10
DA:23,10
DA:24,10
DA:25,10
DA:28,10
DA:29,10
DA:30,20
DA:31,4
DA:32,20
LF:13
LH:13
end_of_record
SF:lib/view/view_catchxx.dart
DA:11,19
DA:18,1
DA:22,3
DA:24,1
DA:27,1
DA:28,0
DA:32,1
DA:33,0
DA:35,1
DA:36,1
DA:37,1
DA:39,1
DA:40,1
DA:43,1
DA:45,2
DA:49,1
DA:51,1
DA:52,1
DA:54,1
DA:55,1
DA:57,1
DA:58,1
DA:60,1
DA:62,1
DA:64,1
DA:66,1
DA:75,1
DA:77,1
DA:86,1
DA:88,1
DA:101,1
DA:103,1
DA:121,1
DA:123,1
DA:124,1
DA:125,1
DA:127,1
DA:132,1
DA:133,2
DA:140,1
DA:141,2
DA:148,1
DA:149,2
DA:156,1
DA:157,2
DA:162,1
DA:164,1
DA:165,1
LF:48
LH:46
end_of_record
SF:lib/view/view_check121.dart
DA:11,19
DA:18,1
DA:22,3
DA:24,1
DA:27,1
DA:28,0
DA:32,2
DA:33,1
DA:35,1
DA:36,1
DA:37,1
DA:39,1
DA:40,1
DA:43,1
DA:45,2
DA:49,1
DA:51,1
DA:52,1
DA:54,1
DA:55,1
DA:57,1
DA:58,1
DA:60,1
DA:62,1
DA:64,1
DA:66,1
DA:75,1
DA:77,1
DA:86,1
DA:88,1
DA:101,1
DA:103,1
DA:121,1
DA:123,1
DA:124,1
DA:125,1
DA:127,1
DA:132,1
DA:133,2
DA:140,1
DA:141,2
DA:148,1
DA:149,2
DA:156,1
DA:157,2
DA:164,1
DA:165,2
DA:170,1
DA:172,1
DA:173,1
LF:50
LH:49
end_of_record
SF:lib/view/view_doublepath.dart
DA:10,19
DA:17,1
DA:20,1
DA:23,2
DA:24,1
DA:26,1
DA:28,1
DA:30,1
DA:31,1
DA:34,1
DA:36,2
DA:40,1
DA:42,1
DA:43,1
DA:45,1
DA:46,1
DA:48,1
DA:49,1
DA:51,1
DA:53,1
DA:55,1
DA:57,1
DA:66,1
DA:68,1
DA:77,1
DA:79,1
DA:92,1
DA:94,1
DA:112,1
DA:114,1
DA:115,1
DA:116,1
DA:118,1
DA:123,1
DA:124,2
DA:126,2
DA:127,1
DA:134,1
DA:135,2
DA:136,2
DA:138,1
DA:145,1
DA:146,2
DA:147,2
DA:148,2
DA:149,1
DA:150,1
DA:151,1
DA:157,1
DA:159,1
DA:160,1
LF:51
LH:51
end_of_record
SF:lib/view/view_finishes.dart
DA:11,19
DA:18,1
DA:21,3
DA:23,1
DA:26,1
DA:27,0
DA:31,1
DA:32,0
DA:34,1
DA:35,1
DA:36,1
DA:38,1
DA:39,1
DA:42,1
DA:44,2
DA:48,1
DA:50,1
DA:51,1
DA:53,1
DA:54,1
DA:56,1
DA:57,1
DA:59,1
DA:61,1
DA:63,1
DA:65,1
DA:66,1
DA:68,1
DA:69,2
DA:72,1
DA:73,1
DA:77,1
DA:78,2
DA:86,1
DA:87,1
DA:91,1
DA:92,1
DA:96,1
DA:97,1
DA:101,1
DA:102,1
DA:110,1
DA:111,1
DA:120,1
DA:122,1
DA:123,1
DA:126,1
DA:127,1
DA:128,1
DA:130,1
DA:136,2
DA:139,1
DA:141,1
DA:142,1
DA:143,1
DA:145,1
DA:148,1
DA:149,1
DA:150,1
DA:151,1
DA:152,1
DA:156,1
DA:157,0
DA:158,0
DA:159,0
DA:160,0
DA:161,0
DA:162,0
DA:192,1
DA:194,1
DA:195,1
DA:197,1
DA:199,1
DA:204,1
DA:205,3
DA:212,1
DA:213,2
DA:220,1
DA:221,2
DA:226,1
DA:228,1
DA:229,1
LF:82
LH:74
end_of_record
SF:lib/widget/arcsection.dart
DA:7,2
DA:19,2
DA:27,2
DA:29,8
DA:30,4
DA:31,6
DA:32,8
DA:33,12
DA:34,2
DA:35,2
DA:37,2
DA:38,2
DA:39,2
DA:41,8
DA:43,2
DA:44,2
DA:45,2
DA:46,2
DA:48,2
DA:49,10
DA:50,4
DA:51,10
DA:52,2
DA:54,4
DA:56,2
DA:60,2
DA:61,2
DA:62,2
DA:64,4
DA:65,12
DA:68,2
DA:69,2
DA:70,2
DA:71,6
DA:73,2
DA:74,10
DA:75,2
DA:76,4
DA:79,0
DA:84,0
DA:86,0
DA:87,0
DA:89,0
DA:90,0
DA:92,0
DA:93,0
DA:94,0
DA:96,0
DA:99,0
DA:101,0
DA:104,0
DA:107,0
DA:108,0
DA:113,0
DA:114,0
DA:115,0
DA:116,0
DA:119,0
DA:121,0
DA:122,0
DA:123,0
DA:124,0
LF:62
LH:38
end_of_record
SF:lib/widget/fullcircle.dart
DA:33,2
DA:40,2
DA:46,2
DA:47,0
DA:48,0
DA:49,0
DA:50,0
DA:53,0
DA:54,0
DA:55,0
DA:56,0
DA:57,0
DA:60,0
DA:61,0
DA:66,0
DA:68,0
DA:69,0
DA:70,0
DA:71,0
DA:72,0
DA:75,0
DA:77,0
DA:81,0
DA:82,0
DA:83,0
DA:84,0
DA:85,0
DA:89,0
DA:90,0
DA:92,0
DA:97,0
DA:98,0
DA:99,0
DA:100,0
DA:101,0
DA:102,0
DA:104,0
DA:106,0
DA:108,0
DA:109,0
DA:110,0
DA:111,0
DA:114,0
DA:120,2
DA:121,10
DA:122,2
DA:123,2
DA:124,2
DA:141,2
DA:149,2
DA:153,4
DA:154,2
DA:155,4
DA:156,4
DA:157,6
DA:161,2
DA:162,2
DA:164,6
DA:166,2
DA:169,2
DA:172,14
DA:175,10
DA:178,4
DA:181,8
DA:182,8
DA:183,8
DA:187,6
DA:188,2
DA:189,4
DA:190,2
DA:196,2
DA:200,2
DA:201,2
DA:203,2
DA:204,12
DA:208,2
DA:209,2
DA:210,2
DA:212,4
DA:213,12
DA:217,2
DA:218,2
DA:219,2
DA:220,2
DA:221,4
DA:223,2
DA:224,10
DA:226,2
DA:227,4
DA:230,0
LF:90
LH:49
end_of_record
SF:lib/view/view_killbull.dart
DA:11,19
DA:18,1
DA:22,3
DA:24,1
DA:27,1
DA:28,0
DA:31,2
DA:32,1
DA:34,1
DA:35,1
DA:36,1
DA:38,1
DA:39,1
DA:42,1
DA:44,2
DA:48,1
DA:50,1
DA:51,1
DA:53,1
DA:54,1
DA:56,1
DA:57,1
DA:59,1
DA:61,1
DA:63,1
DA:65,1
DA:74,1
DA:76,1
DA:85,1
DA:87,1
DA:100,1
DA:102,1
DA:120,1
DA:122,1
DA:123,1
DA:124,1
DA:126,1
DA:131,1
DA:132,2
DA:139,1
DA:140,2
DA:147,1
DA:148,2
DA:153,1
DA:155,1
DA:156,1
LF:46
LH:45
end_of_record
SF:lib/view/view_rtcx.dart
DA:11,19
DA:18,1
DA:22,3
DA:24,1
DA:27,1
DA:28,0
DA:31,2
DA:32,1
DA:35,1
DA:36,1
DA:37,1
DA:39,1
DA:40,1
DA:43,1
DA:45,2
DA:49,1
DA:51,1
DA:52,1
DA:54,1
DA:55,1
DA:56,1
DA:58,1
DA:60,1
DA:62,1
DA:65,1
DA:66,2
DA:67,1
DA:69,1
DA:70,2
DA:71,1
DA:73,1
DA:74,3
DA:85,1
DA:87,1
DA:105,1
DA:107,1
DA:108,1
DA:109,1
DA:111,1
DA:116,1
DA:117,2
DA:124,1
DA:125,2
DA:130,1
DA:132,1
DA:133,1
LF:46
LH:45
end_of_record
SF:lib/widget/checknumber.dart
DA:5,1
DA:14,1
DA:16,3
DA:18,2
DA:21,1
DA:22,1
DA:23,1
DA:25,1
DA:26,2
DA:31,1
DA:33,1
DA:34,1
DA:36,1
DA:41,1
DA:45,1
LF:15
LH:15
end_of_record
SF:lib/view/view_shootx.dart
DA:11,19
DA:18,1
DA:22,3
DA:24,1
DA:27,1
DA:28,0
DA:31,1
DA:32,0
DA:34,1
DA:35,1
DA:36,1
DA:37,1
DA:39,1
DA:40,1
DA:43,1
DA:45,2
DA:49,1
DA:51,1
DA:52,1
DA:54,1
DA:55,1
DA:57,1
DA:58,1
DA:60,1
DA:62,1
DA:64,1
DA:66,1
DA:75,1
DA:77,1
DA:86,1
DA:88,1
DA:101,1
DA:103,1
DA:121,1
DA:123,1
DA:124,1
DA:125,1
DA:127,1
DA:132,1
DA:133,2
DA:136,1
DA:137,1
DA:140,1
DA:141,2
DA:146,1
DA:148,1
DA:149,1
LF:47
LH:45
end_of_record
SF:lib/view/view_speedbull.dart
DA:10,19
DA:17,1
DA:21,3
DA:23,1
DA:26,1
DA:27,0
DA:30,2
DA:31,1
DA:33,1
DA:34,1
DA:35,1
DA:37,1
DA:38,1
DA:41,1
DA:43,2
DA:47,1
DA:49,1
DA:50,1
DA:52,1
DA:53,1
DA:55,1
DA:56,1
DA:58,1
DA:59,1
DA:61,1
DA:63,1
DA:65,1
DA:66,1
DA:67,1
DA:71,1
DA:72,1
DA:73,1
DA:74,0
DA:75,1
DA:94,1
DA:96,1
DA:98,1
DA:99,1
DA:101,1
DA:106,1
DA:107,2
DA:113,1
DA:115,1
DA:120,1
DA:121,2
DA:135,1
DA:137,1
DA:155,1
DA:157,1
DA:158,1
DA:159,1
DA:161,1
DA:166,1
DA:167,2
DA:174,1
DA:175,2
DA:182,1
DA:183,2
DA:188,1
DA:190,1
DA:191,1
LF:61
LH:59
end_of_record
SF:lib/view/view_twodarts.dart
DA:11,19
DA:18,1
DA:22,3
DA:24,1
DA:27,1
DA:28,0
DA:31,2
DA:32,1
DA:34,1
DA:35,1
DA:36,1
DA:38,1
DA:39,1
DA:42,1
DA:44,2
DA:48,1
DA:50,1
DA:51,1
DA:53,1
DA:54,1
DA:56,1
DA:57,1
DA:59,1
DA:61,1
DA:63,1
DA:65,1
DA:74,1
DA:76,1
DA:89,1
DA:91,1
DA:109,1
DA:111,1
DA:112,1
DA:113,1
DA:115,1
DA:120,1
DA:121,2
DA:128,1
DA:129,2
DA:136,1
DA:137,3
DA:142,1
DA:144,1
DA:145,1
LF:44
LH:43
end_of_record
SF:lib/view/view_updown.dart
DA:11,19
DA:18,1
DA:22,3
DA:24,1
DA:27,1
DA:28,0
DA:31,2
DA:32,1
DA:34,1
DA:35,1
DA:37,1
DA:39,1
DA:40,1
DA:43,1
DA:45,2
DA:49,1
DA:51,1
DA:52,1
DA:54,1
DA:55,1
DA:57,1
DA:58,1
DA:60,1
DA:62,1
DA:64,1
DA:66,1
DA:75,1
DA:77,1
DA:86,1
DA:88,1
DA:101,1
DA:103,1
DA:121,1
DA:123,1
DA:124,1
DA:125,1
DA:127,1
DA:132,1
DA:133,2
DA:140,1
DA:141,2
DA:148,1
DA:149,2
DA:156,1
DA:157,1
DA:158,1
DA:163,1
DA:165,1
DA:166,1
LF:49
LH:48
end_of_record
SF:lib/widget/checkout.dart
DA:7,1
DA:22,1
DA:23,2
DA:24,1
DA:28,5
DA:33,4
DA:34,2
DA:35,1
DA:36,1
DA:37,1
DA:38,1
DA:39,1
DA:47,1
DA:50,2
DA:52,4
DA:53,1
DA:54,1
DA:56,1
DA:57,1
DA:65,1
DA:67,1
DA:69,1
DA:70,1
DA:71,2
DA:74,1
DA:90,1
DA:93,1
DA:94,1
DA:101,1
DA:103,1
DA:105,1
DA:107,1
DA:108,1
DA:110,1
DA:112,1
DA:113,0
DA:115,0
DA:116,0
DA:117,0
DA:119,1
DA:129,1
DA:130,1
DA:132,1
DA:134,1
DA:135,0
DA:137,0
DA:138,0
DA:139,0
DA:141,1
DA:151,1
DA:153,1
DA:155,1
DA:156,0
DA:158,0
DA:159,0
DA:160,0
DA:162,1
LF:57
LH:45
end_of_record
