SF:lib/controller/controller_acrossboard.dart
DA:18,1
DA:21,0
DA:22,0
DA:26,1
DA:27,1
DA:59,1
DA:61,1
DA:62,4
DA:63,2
DA:66,1
DA:67,1
DA:72,1
DA:74,4
DA:75,3
DA:78,2
DA:79,2
DA:80,2
DA:81,2
DA:82,2
DA:86,2
DA:87,2
DA:88,2
DA:89,1
DA:90,1
DA:93,2
DA:94,2
DA:95,1
DA:96,1
DA:97,1
DA:98,1
DA:101,0
DA:103,0
DA:106,1
DA:108,1
DA:110,2
DA:111,2
DA:113,2
DA:116,1
DA:117,0
DA:118,0
DA:119,0
DA:124,2
DA:125,2
DA:127,1
DA:131,2
DA:135,2
DA:137,2
DA:140,1
DA:143,2
DA:146,2
DA:147,2
DA:148,3
DA:149,2
DA:153,2
DA:154,2
DA:157,2
DA:158,1
DA:159,1
DA:162,2
DA:164,1
DA:169,0
DA:170,0
DA:171,0
DA:175,1
DA:177,1
DA:178,2
DA:179,3
DA:183,0
DA:186,0
DA:188,0
DA:190,0
DA:191,0
DA:192,0
DA:194,0
DA:195,0
DA:196,0
DA:200,0
DA:203,1
DA:204,5
DA:207,1
DA:212,0
DA:214,0
DA:215,0
DA:218,1
DA:220,1
DA:222,1
DA:223,2
DA:224,1
DA:229,1
DA:230,1
DA:231,1
DA:232,1
DA:233,2
DA:237,1
DA:238,2
DA:239,2
DA:240,2
DA:241,2
DA:243,2
DA:247,2
DA:248,2
DA:249,2
DA:250,2
DA:251,2
LF:104
LH:81
end_of_record
SF:lib/view/view_acrossboard.dart
DA:12,3
DA:19,1
DA:23,3
DA:25,1
DA:28,1
DA:29,0
DA:32,1
DA:33,0
DA:35,2
DA:37,1
DA:40,1
DA:41,1
DA:42,1
DA:43,2
DA:44,1
DA:49,0
DA:55,1
DA:58,0
DA:61,1
DA:62,1
DA:63,1
DA:65,1
DA:66,1
DA:69,1
DA:71,2
DA:75,1
DA:77,1
DA:78,1
DA:80,1
DA:81,1
DA:82,1
DA:84,1
DA:86,1
DA:87,1
DA:88,1
DA:89,1
DA:95,1
DA:97,1
DA:115,1
DA:117,1
DA:118,1
DA:119,1
DA:121,1
DA:122,1
DA:124,1
DA:126,1
DA:127,2
DA:128,1
DA:130,1
DA:132,1
DA:134,1
DA:135,2
DA:136,1
DA:140,1
DA:142,1
DA:143,1
DA:145,1
LF:57
LH:53
end_of_record
SF:lib/widget/menu.dart
DA:46,0
DA:51,3
DA:52,1
DA:56,0
DA:57,0
DA:60,1
DA:64,0
DA:65,0
DA:68,1
DA:72,0
DA:73,0
DA:76,1
DA:80,0
DA:81,0
DA:84,1
DA:88,0
DA:89,0
DA:92,1
DA:96,0
DA:97,0
DA:100,1
DA:104,0
DA:105,0
DA:108,1
DA:112,0
DA:113,0
DA:116,1
DA:120,0
DA:121,0
DA:124,1
DA:128,0
DA:129,0
DA:132,1
DA:136,0
DA:137,0
DA:140,1
DA:144,0
DA:145,0
DA:148,1
DA:152,0
DA:153,0
DA:156,1
DA:160,0
DA:161,0
DA:164,1
DA:168,0
DA:169,0
DA:172,1
DA:176,0
DA:177,0
DA:180,1
DA:184,0
DA:185,0
DA:188,1
DA:192,0
DA:193,0
DA:196,1
DA:200,0
DA:201,0
DA:204,1
DA:208,0
DA:209,0
DA:214,0
DA:216,0
DA:218,0
DA:219,0
DA:220,0
DA:222,0
DA:224,0
DA:226,0
DA:231,0
DA:232,0
DA:233,0
DA:235,0
DA:236,0
DA:237,0
DA:238,0
DA:242,0
DA:245,0
DA:247,0
DA:250,0
DA:251,0
DA:252,0
DA:256,0
DA:257,0
DA:258,0
DA:259,0
DA:260,0
DA:262,0
DA:265,0
DA:269,0
DA:271,0
DA:272,0
DA:273,0
DA:274,0
DA:278,0
DA:281,0
DA:283,0
DA:286,0
DA:287,0
DA:288,0
DA:295,0
DA:296,0
DA:297,0
DA:300,0
DA:302,0
DA:307,0
DA:308,0
DA:310,0
DA:312,0
DA:319,0
DA:320,0
DA:321,0
DA:334,20
DA:350,0
DA:357,0
DA:359,0
DA:361,0
DA:362,0
DA:364,0
DA:365,0
DA:367,0
DA:369,0
DA:370,0
DA:371,0
DA:375,0
DA:376,0
DA:378,0
DA:379,0
DA:380,0
DA:381,0
DA:382,0
DA:383,0
LF:133
LH:22
end_of_record
SF:lib/controller/controller_base.dart
DA:20,20
DA:21,40
DA:25,17
DA:26,17
DA:27,0
DA:30,17
DA:34,12
DA:35,24
DA:36,12
DA:40,12
DA:41,12
DA:42,24
DA:46,12
DA:47,12
DA:48,12
DA:52,12
DA:57,12
DA:68,0
DA:74,0
DA:76,0
DA:81,0
DA:86,12
DA:94,12
DA:95,22
DA:96,36
DA:98,0
DA:99,12
DA:100,12
DA:101,12
DA:102,0
DA:104,36
DA:105,24
DA:108,12
DA:109,36
LF:34
LH:27
end_of_record
SF:lib/interfaces/numpad_controller.dart
DA:6,0
LF:1
LH:0
end_of_record
SF:lib/widget/summary_dialog.dart
DA:9,10
DA:15,0
DA:16,0
DA:17,0
DA:18,0
DA:19,0
DA:21,0
DA:23,0
DA:24,0
DA:34,0
DA:36,0
DA:37,0
DA:38,0
DA:40,0
DA:42,0
DA:44,0
DA:49,0
DA:50,0
DA:51,0
DA:52,0
DA:54,0
DA:55,0
DA:56,0
DA:58,0
DA:60,0
DA:61,0
DA:62,0
DA:65,0
DA:66,0
DA:68,0
DA:72,0
DA:73,0
DA:75,0
DA:76,0
DA:78,0
DA:86,0
DA:87,0
DA:89,0
DA:91,0
DA:92,0
DA:93,0
DA:95,0
DA:97,0
DA:98,0
DA:100,0
DA:114,10
DA:116,10
DA:120,10
DA:121,10
DA:123,10
DA:124,10
DA:126,10
DA:128,10
DA:132,40
DA:133,0
DA:134,10
DA:135,0
DA:137,0
DA:138,0
DA:139,0
DA:140,0
DA:146,10
DA:148,10
DA:149,1
DA:152,1
DA:153,1
DA:154,2
DA:155,0
DA:156,3
DA:157,1
DA:158,0
DA:159,1
DA:162,1
DA:163,1
DA:164,1
DA:165,1
DA:172,10
DA:173,20
DA:174,0
DA:175,30
DA:176,10
DA:177,10
DA:178,7
DA:182,10
DA:184,10
DA:185,10
DA:186,0
DA:187,0
DA:188,0
DA:190,10
DA:191,10
DA:193,10
DA:214,17
LF:93
LH:37
end_of_record
SF:lib/services/storage_service.dart
DA:10,20
DA:14,17
DA:16,17
DA:18,0
DA:19,0
DA:29,17
DA:31,17
DA:34,17
DA:36,2
DA:37,4
DA:47,12
DA:49,12
DA:52,12
DA:55,0
DA:56,0
DA:65,0
DA:66,0
LF:17
LH:11
end_of_record
SF:lib/services/summary_service.dart
DA:7,12
DA:12,12
DA:15,10
DA:16,10
DA:22,2
DA:24,4
DA:28,15
DA:30,30
DA:34,6
DA:36,12
DA:41,1
DA:48,1
DA:51,2
DA:54,2
DA:55,1
DA:56,2
DA:58,2
DA:64,2
LF:18
LH:18
end_of_record
SF:lib/services/stats_service.dart
DA:7,20
DA:10,12
DA:11,24
DA:12,36
DA:16,11
DA:19,22
DA:23,2
DA:28,22
DA:30,14
DA:31,0
DA:32,22
DA:37,0
DA:39,0
DA:40,0
DA:41,0
DA:43,0
DA:49,10
DA:51,20
DA:53,20
DA:56,10
DA:59,10
DA:60,15
DA:63,20
DA:67,0
DA:68,0
DA:69,0
DA:74,17
DA:75,34
DA:79,5
DA:80,10
DA:81,10
LF:31
LH:22
end_of_record
SF:lib/utils/stats_formatter.dart
DA:9,13
DA:14,13
DA:17,26
DA:20,26
DA:21,13
DA:22,26
DA:26,26
DA:27,13
DA:28,26
DA:31,13
DA:35,1
DA:36,1
DA:37,1
DA:41,1
DA:42,1
DA:46,1
DA:47,1
DA:51,1
DA:52,1
DA:56,13
DA:57,13
DA:59,12
DA:60,13
DA:61,12
DA:63,2
DA:68,1
DA:73,1
DA:75,2
DA:77,2
DA:78,3
DA:81,2
DA:82,3
LF:32
LH:32
end_of_record
SF:lib/controller/controller_bigts.dart
DA:16,1
DA:18,0
DA:19,0
DA:22,1
DA:23,1
DA:35,1
DA:37,1
DA:38,1
DA:39,3
DA:40,2
DA:42,2
DA:43,2
DA:44,2
DA:45,1
DA:46,1
DA:49,0
DA:51,0
DA:54,1
DA:56,2
DA:57,2
DA:58,2
DA:59,2
DA:60,2
DA:61,2
DA:62,1
DA:68,2
DA:70,2
DA:76,1
DA:78,2
DA:79,2
DA:81,4
DA:82,2
DA:84,2
DA:85,1
DA:87,2
DA:88,3
DA:89,1
DA:94,1
DA:96,1
DA:98,1
DA:100,1
DA:107,1
DA:109,4
DA:110,2
DA:112,1
DA:113,1
DA:114,1
DA:118,0
DA:121,1
DA:123,4
DA:124,2
DA:126,6
DA:129,2
DA:130,4
DA:132,2
DA:133,2
DA:135,2
DA:138,1
DA:139,1
DA:140,3
DA:141,3
DA:143,2
DA:144,4
DA:146,3
DA:149,1
DA:150,1
DA:151,3
DA:152,4
DA:154,2
DA:155,1
DA:157,3
DA:160,1
DA:161,1
DA:162,3
DA:163,4
DA:165,2
DA:166,1
DA:168,3
DA:171,1
DA:173,2
DA:174,4
DA:175,2
DA:176,2
DA:180,0
DA:183,1
DA:188,1
DA:190,2
DA:192,2
DA:194,2
DA:196,1
DA:198,1
DA:201,1
LF:92
LH:86
end_of_record
SF:lib/controller/controller_bobs27.dart
DA:17,1
DA:20,0
DA:21,0
DA:25,1
DA:26,1
DA:41,1
DA:43,1
DA:44,1
DA:45,3
DA:46,2
DA:48,2
DA:49,2
DA:50,2
DA:51,1
DA:52,1
DA:53,1
DA:54,1
DA:55,1
DA:56,1
DA:59,0
DA:61,0
DA:64,1
DA:67,2
DA:68,4
DA:70,2
DA:71,2
DA:74,2
DA:75,2
DA:76,2
DA:79,5
DA:80,2
DA:81,5
DA:84,2
DA:85,0
DA:87,5
DA:92,1
DA:93,2
DA:96,1
DA:102,1
DA:108,2
DA:113,2
DA:118,1
DA:119,1
DA:122,5
DA:124,2
DA:125,6
DA:128,1
DA:129,2
DA:133,2
DA:134,1
DA:135,1
DA:136,2
DA:138,1
DA:139,1
DA:142,2
DA:143,3
DA:144,2
DA:145,2
DA:146,2
DA:149,1
DA:152,1
DA:153,3
DA:154,1
DA:159,1
DA:164,0
DA:169,1
DA:174,1
DA:175,2
DA:176,2
DA:182,1
DA:183,1
DA:184,1
DA:187,1
DA:191,1
DA:193,1
DA:197,1
DA:200,1
DA:201,1
DA:203,1
DA:207,1
DA:208,4
DA:211,1
DA:213,1
DA:214,4
DA:215,3
DA:216,4
DA:218,1
DA:221,3
DA:224,1
DA:226,1
DA:227,4
DA:228,4
DA:229,4
DA:231,1
DA:234,3
DA:237,1
DA:238,1
DA:239,1
DA:240,1
DA:241,1
DA:245,1
DA:246,2
DA:252,1
DA:253,3
DA:254,3
DA:257,5
DA:258,1
DA:262,1
DA:263,1
DA:266,1
DA:268,2
DA:270,2
DA:272,2
DA:274,2
DA:276,1
DA:278,1
DA:282,1
DA:288,1
DA:290,1
DA:291,2
DA:292,2
DA:293,2
DA:294,2
DA:299,0
DA:302,1
DA:304,2
DA:307,3
DA:308,3
DA:311,2
LF:129
LH:122
end_of_record
SF:lib/controller/controller_catchxx.dart
DA:17,1
DA:20,0
DA:21,0
DA:25,1
DA:26,1
DA:40,1
DA:42,1
DA:43,1
DA:44,3
DA:45,2
DA:47,2
DA:48,2
DA:49,2
DA:50,2
DA:51,1
DA:52,1
DA:53,1
DA:54,1
DA:57,0
DA:59,0
DA:62,1
DA:65,2
DA:66,2
DA:67,2
DA:68,2
DA:70,2
DA:71,2
DA:72,2
DA:73,2
DA:74,2
DA:75,2
DA:80,1
DA:86,3
DA:91,1
DA:93,3
DA:94,3
DA:95,2
DA:96,4
DA:98,2
DA:99,2
DA:100,3
DA:102,1
DA:105,2
DA:106,3
DA:107,1
DA:110,2
DA:111,2
DA:114,1
DA:117,1
DA:119,1
DA:120,2
DA:121,2
DA:122,1
DA:123,2
DA:128,0
DA:131,1
DA:133,1
DA:136,3
DA:137,3
DA:140,2
DA:146,1
DA:148,2
DA:150,1
DA:152,1
DA:153,0
DA:154,0
DA:163,1
DA:165,1
DA:167,1
DA:168,1
DA:169,1
DA:176,1
DA:177,6
DA:180,1
DA:181,4
DA:184,1
DA:186,1
DA:187,6
DA:190,1
DA:192,1
DA:193,6
DA:196,1
DA:199,1
DA:203,3
DA:209,1
DA:214,1
DA:220,1
DA:221,1
DA:222,1
DA:223,1
DA:224,2
DA:228,1
DA:230,2
DA:231,2
DA:233,2
DA:235,2
DA:237,1
DA:239,1
DA:243,1
LF:99
LH:92
end_of_record
SF:lib/controller/controller_challenge.dart
DA:54,1
DA:56,1
DA:60,1
DA:61,2
DA:62,1
DA:65,1
DA:68,0
DA:70,0
DA:73,1
DA:74,2
DA:76,0
DA:81,1
DA:82,1
DA:83,1
DA:85,2
DA:86,3
DA:87,2
DA:90,0
DA:91,1
DA:93,2
DA:94,3
DA:95,2
DA:96,3
DA:97,2
DA:99,1
DA:101,2
DA:102,2
DA:103,3
DA:104,2
DA:105,3
DA:106,3
DA:110,0
DA:111,1
DA:113,2
DA:115,1
DA:117,2
DA:118,2
DA:119,3
DA:120,2
DA:121,3
DA:122,3
DA:126,0
DA:127,1
DA:129,2
DA:131,0
DA:133,0
DA:134,0
DA:135,0
DA:136,0
DA:137,0
DA:138,0
DA:142,0
DA:143,0
DA:145,0
DA:149,1
DA:152,1
DA:153,3
DA:154,2
DA:157,2
DA:158,1
DA:162,0
DA:163,0
DA:164,0
DA:166,0
DA:167,0
DA:170,0
DA:174,0
DA:175,0
DA:178,1
DA:179,5
DA:180,2
DA:181,2
DA:182,2
DA:185,5
DA:189,3
DA:192,3
DA:195,3
DA:198,3
DA:201,1
DA:209,0
DA:211,0
DA:214,0
DA:216,0
DA:219,0
DA:221,0
DA:224,0
DA:226,0
DA:230,0
DA:231,0
DA:232,0
DA:236,0
DA:237,0
DA:241,0
DA:242,0
DA:243,0
DA:244,0
DA:245,0
DA:250,0
DA:251,0
DA:254,0
DA:255,0
DA:260,0
DA:261,0
DA:265,0
DA:266,0
DA:267,0
DA:273,0
DA:278,1
DA:280,2
DA:282,1
DA:283,1
DA:284,2
DA:285,1
DA:290,0
DA:293,1
DA:294,1
DA:295,1
DA:296,5
DA:297,2
DA:298,2
DA:299,2
DA:302,1
DA:310,0
LF:123
LH:69
end_of_record
SF:lib/controller/controller_rtcx.dart
DA:17,2
DA:20,1
DA:21,1
DA:25,1
DA:26,1
DA:42,2
DA:44,2
DA:45,2
DA:46,6
DA:47,4
DA:48,6
DA:50,4
DA:51,2
DA:52,2
DA:53,2
DA:54,2
DA:57,0
DA:59,0
DA:62,1
DA:65,2
DA:66,2
DA:67,2
DA:68,2
DA:69,2
DA:70,2
DA:75,3
DA:77,2
DA:85,3
DA:86,6
DA:90,2
DA:91,2
DA:92,2
DA:93,3
DA:95,1
DA:98,1
DA:100,0
DA:101,0
DA:109,2
DA:113,2
DA:114,2
DA:115,2
DA:116,2
DA:118,1
DA:122,1
DA:128,0
DA:130,0
DA:131,0
DA:135,0
DA:137,0
DA:143,0
DA:146,0
DA:148,0
DA:149,0
DA:150,0
DA:151,0
DA:152,0
DA:153,0
DA:158,0
DA:161,0
DA:163,0
DA:166,0
DA:167,0
DA:168,0
DA:173,0
DA:176,0
DA:178,0
DA:179,0
DA:183,0
DA:185,0
DA:186,0
DA:187,0
DA:192,0
DA:195,1
DA:196,1
DA:199,1
DA:200,6
DA:203,1
DA:209,0
DA:211,0
DA:213,0
DA:216,1
DA:220,1
DA:222,3
DA:227,1
DA:228,1
DA:229,1
DA:230,1
DA:231,2
DA:235,1
DA:237,2
DA:239,2
DA:241,2
DA:243,2
DA:245,1
DA:246,0
DA:248,2
LF:96
LH:60
end_of_record
SF:lib/controller/controller_shootx.dart
DA:17,2
DA:20,1
DA:21,1
DA:25,1
DA:26,1
DA:44,2
DA:46,2
DA:47,2
DA:48,6
DA:49,4
DA:50,6
DA:51,6
DA:53,4
DA:54,4
DA:55,4
DA:56,2
DA:57,2
DA:60,0
DA:62,0
DA:65,1
DA:68,2
DA:69,2
DA:70,2
DA:72,2
DA:73,2
DA:74,2
DA:75,2
DA:80,2
DA:83,3
DA:84,2
DA:85,2
DA:86,3
DA:88,1
DA:91,3
DA:93,3
DA:94,1
DA:97,2
DA:100,1
DA:105,1
DA:107,1
DA:113,1
DA:116,1
DA:118,1
DA:119,4
DA:120,5
DA:125,0
DA:128,1
DA:130,1
DA:132,0
DA:133,0
DA:138,3
DA:141,3
DA:144,2
DA:147,1
DA:148,6
DA:151,1
DA:152,4
DA:155,1
DA:156,4
DA:159,1
DA:160,4
DA:163,1
DA:168,1
DA:171,2
DA:177,1
DA:183,1
DA:184,1
DA:185,1
DA:186,1
DA:187,2
DA:191,1
DA:193,2
DA:195,2
DA:197,2
DA:199,1
DA:200,0
DA:202,2
LF:77
LH:71
end_of_record
SF:lib/controller/controller_xxxcheckout.dart
DA:17,3
DA:20,0
DA:21,0
DA:25,3
DA:26,3
DA:60,3
DA:62,3
DA:63,3
DA:64,9
DA:65,6
DA:66,9
DA:67,9
DA:68,9
DA:70,6
DA:71,6
DA:72,6
DA:73,9
DA:74,6
DA:75,6
DA:76,3
DA:77,3
DA:78,3
DA:79,3
DA:80,3
DA:81,6
DA:82,3
DA:83,3
DA:84,3
DA:85,3
DA:86,3
DA:87,3
DA:88,3
DA:89,3
DA:92,0
DA:94,0
DA:97,2
DA:100,4
DA:103,4
DA:104,4
DA:105,2
DA:106,2
DA:107,2
DA:108,2
DA:109,2
DA:110,2
DA:111,2
DA:112,2
DA:113,2
DA:114,2
DA:115,2
DA:116,3
DA:119,1
DA:121,10
DA:123,2
DA:124,3
DA:125,1
DA:126,1
DA:127,2
DA:128,3
DA:129,1
DA:137,4
DA:138,2
DA:139,2
DA:140,1
DA:141,1
DA:142,0
DA:143,0
DA:149,4
DA:150,0
DA:152,6
DA:154,8
DA:155,4
DA:157,6
DA:158,4
DA:159,4
DA:160,4
DA:161,4
DA:162,6
DA:163,6
DA:164,6
DA:165,6
DA:166,6
DA:167,2
DA:168,2
DA:169,2
DA:172,7
DA:174,6
DA:177,6
DA:178,4
DA:179,4
DA:180,4
DA:182,0
DA:184,2
DA:185,4
DA:186,4
DA:187,2
DA:188,4
DA:189,4
DA:190,4
DA:191,6
DA:192,4
DA:194,2
DA:197,4
DA:200,6
DA:201,2
DA:210,6
DA:211,2
DA:212,2
DA:213,2
DA:214,4
DA:215,4
DA:216,6
DA:217,2
DA:221,2
DA:224,2
DA:226,2
DA:231,0
DA:233,0
DA:239,0
DA:242,1
DA:244,1
DA:247,1
DA:249,7
DA:250,2
DA:251,3
DA:257,3
DA:259,5
DA:262,2
DA:263,2
DA:267,2
DA:268,2
DA:274,0
DA:277,0
DA:279,0
DA:281,0
DA:282,0
DA:287,0
DA:288,0
DA:289,0
DA:292,0
DA:293,0
DA:294,0
DA:297,0
DA:298,0
DA:301,1
DA:303,1
DA:306,1
DA:307,4
DA:310,1
DA:311,4
DA:314,1
DA:315,4
DA:318,1
DA:319,4
DA:322,1
DA:323,6
DA:326,1
DA:327,5
DA:330,1
DA:331,1
DA:332,1
DA:333,2
DA:334,2
DA:338,2
DA:341,4
DA:345,4
DA:346,12
DA:349,2
DA:353,0
DA:355,0
DA:357,0
DA:358,0
DA:363,1
DA:368,1
DA:370,2
DA:372,2
DA:374,2
DA:376,2
DA:378,2
DA:380,2
DA:382,1
DA:383,0
DA:385,5
LF:183
LH:154
end_of_record
SF:lib/controller/controller_check121.dart
DA:17,1
DA:20,0
DA:21,0
DA:25,1
DA:26,1
DA:44,1
DA:46,1
DA:47,1
DA:48,3
DA:49,2
DA:51,2
DA:52,2
DA:53,2
DA:54,2
DA:55,1
DA:56,1
DA:57,1
DA:58,1
DA:59,1
DA:60,1
DA:61,1
DA:64,0
DA:66,0
DA:69,1
DA:72,2
DA:73,4
DA:76,5
DA:77,5
DA:78,5
DA:81,2
DA:82,2
DA:83,2
DA:84,2
DA:87,2
DA:88,1
DA:89,1
DA:92,1
DA:93,2
DA:94,2
DA:95,1
DA:100,1
DA:101,2
DA:103,2
DA:107,5
DA:109,1
DA:115,1
DA:121,2
DA:126,2
DA:131,5
DA:134,1
DA:136,2
DA:137,2
DA:140,2
DA:141,1
DA:142,1
DA:143,3
DA:144,1
DA:150,2
DA:153,1
DA:154,3
DA:158,2
DA:161,3
DA:162,2
DA:167,2
DA:168,3
DA:169,3
DA:170,2
DA:171,3
DA:173,1
DA:176,1
DA:181,0
DA:186,1
DA:191,1
DA:192,4
DA:195,1
DA:196,4
DA:199,1
DA:201,1
DA:202,4
DA:203,3
DA:204,4
DA:205,7
DA:207,1
DA:209,1
DA:212,3
DA:215,1
DA:216,1
DA:217,1
DA:218,1
DA:219,1
DA:220,1
DA:224,1
DA:226,2
DA:227,1
DA:231,2
DA:232,1
DA:235,1
DA:237,2
DA:239,2
DA:241,2
DA:243,2
DA:245,2
DA:249,1
DA:250,1
DA:253,1
DA:255,1
DA:260,1
DA:266,1
DA:268,1
DA:269,3
DA:270,2
DA:271,2
DA:272,1
DA:273,1
DA:278,0
DA:281,1
DA:283,2
DA:287,2
DA:289,2
DA:291,3
DA:292,2
DA:293,1
DA:297,3
DA:298,3
LF:124
LH:118
end_of_record
SF:lib/controller/controller_creditfinish.dart
DA:18,1
DA:21,0
DA:22,0
DA:26,1
DA:27,1
DA:43,1
DA:45,1
DA:46,1
DA:47,3
DA:48,2
DA:51,1
DA:52,1
DA:53,2
DA:54,2
DA:55,2
DA:56,1
DA:57,1
DA:59,1
DA:62,0
DA:64,0
DA:67,1
DA:69,1
DA:71,2
DA:73,2
DA:74,2
DA:76,1
DA:77,2
DA:79,2
DA:80,2
DA:81,2
DA:83,0
DA:86,1
DA:92,2
DA:93,1
DA:95,1
DA:99,1
DA:100,2
DA:102,2
DA:103,2
DA:104,1
DA:105,1
DA:108,0
DA:110,2
DA:112,3
DA:113,1
DA:114,3
DA:115,1
DA:116,1
DA:118,0
DA:120,0
DA:124,1
DA:126,2
DA:129,1
DA:130,2
DA:131,1
DA:132,2
DA:134,1
DA:136,2
DA:137,2
DA:138,1
DA:141,1
DA:144,1
DA:145,1
DA:148,1
DA:149,1
DA:151,2
DA:152,2
DA:153,1
DA:155,2
DA:158,1
DA:159,1
DA:160,1
DA:163,1
DA:164,1
DA:165,1
DA:166,1
DA:170,1
DA:171,2
DA:172,1
DA:173,1
DA:177,1
DA:179,1
DA:182,0
DA:187,1
DA:189,1
DA:192,4
DA:199,0
DA:202,1
DA:204,2
DA:205,4
DA:206,3
DA:208,1
DA:209,1
DA:210,1
DA:211,1
DA:212,2
DA:217,1
DA:219,2
DA:220,4
DA:221,3
DA:223,1
DA:225,2
DA:226,1
DA:227,0
DA:231,2
DA:234,1
DA:235,2
DA:236,4
DA:238,1
DA:241,1
DA:245,1
DA:247,2
DA:249,2
DA:251,2
DA:253,3
DA:257,2
DA:258,2
DA:259,2
DA:260,2
DA:261,2
DA:264,1
DA:265,1
DA:266,4
DA:267,3
DA:269,3
DA:272,1
DA:273,4
DA:276,1
DA:277,1
DA:278,4
DA:279,3
DA:281,3
LF:132
LH:121
end_of_record
SF:lib/controller/controller_cricket.dart
DA:16,1
DA:19,0
DA:20,0
DA:24,1
DA:25,1
DA:40,0
DA:43,0
DA:46,0
DA:49,5
DA:53,1
DA:55,1
DA:56,1
DA:57,3
DA:58,2
DA:61,2
DA:62,1
DA:63,1
DA:64,1
DA:65,3
DA:66,1
DA:69,0
DA:71,0
DA:74,1
DA:77,1
DA:80,2
DA:81,1
DA:82,3
DA:84,2
DA:85,2
DA:86,3
DA:87,1
DA:88,1
DA:89,1
DA:90,1
DA:91,1
DA:92,1
DA:93,1
DA:94,1
DA:96,1
DA:97,5
DA:98,2
DA:99,5
DA:100,1
DA:103,5
DA:105,0
DA:106,0
DA:107,0
DA:113,1
DA:116,1
DA:118,5
DA:120,5
DA:121,5
DA:122,2
DA:123,2
DA:125,2
DA:126,2
DA:127,2
DA:129,5
DA:130,5
DA:131,5
DA:132,2
DA:136,1
DA:139,1
DA:141,3
DA:144,2
DA:147,5
DA:150,2
DA:153,4
DA:154,2
DA:158,4
DA:163,2
DA:165,4
DA:166,2
DA:172,3
DA:179,1
DA:180,4
DA:181,1
DA:182,1
DA:185,1
DA:186,2
DA:187,2
DA:188,3
DA:189,1
DA:193,1
DA:194,1
DA:197,3
DA:198,2
DA:199,1
DA:202,2
DA:203,3
DA:204,1
DA:210,2
DA:211,3
DA:213,2
DA:217,1
DA:219,1
DA:222,4
DA:225,1
DA:226,3
DA:231,0
DA:234,0
DA:236,0
DA:237,0
DA:238,0
DA:241,0
DA:242,0
DA:245,0
DA:248,1
DA:250,1
DA:253,1
DA:256,2
DA:257,1
DA:261,1
DA:262,1
DA:263,1
DA:265,1
DA:266,2
DA:267,2
DA:268,1
DA:269,1
DA:273,1
DA:275,3
DA:276,3
DA:281,1
DA:283,4
DA:284,1
DA:288,5
DA:289,4
DA:292,1
DA:295,0
DA:297,0
DA:298,0
DA:301,0
DA:302,0
DA:303,0
DA:305,0
DA:306,0
DA:308,0
DA:309,0
DA:311,0
DA:314,0
DA:317,1
DA:319,2
DA:320,2
DA:321,2
DA:322,2
DA:324,1
DA:326,1
DA:330,1
DA:337,0
DA:339,0
DA:340,0
LF:152
LH:119
end_of_record
SF:lib/controller/controller_doublepath.dart
DA:17,1
DA:20,0
DA:21,0
DA:25,1
DA:26,1
DA:46,1
DA:48,1
DA:49,1
DA:50,3
DA:51,2
DA:53,2
DA:54,2
DA:55,2
DA:56,2
DA:57,1
DA:58,1
DA:61,0
DA:63,0
DA:66,1
DA:69,2
DA:70,2
DA:71,2
DA:72,2
DA:73,2
DA:74,2
DA:75,1
DA:82,2
DA:84,2
DA:92,1
DA:94,2
DA:95,2
DA:98,4
DA:99,2
DA:101,2
DA:102,1
DA:105,2
DA:106,3
DA:107,1
DA:112,1
DA:114,1
DA:116,1
DA:118,1
DA:125,1
DA:127,4
DA:128,1
DA:130,1
DA:131,1
DA:132,1
DA:136,0
DA:139,1
DA:141,4
DA:142,1
DA:144,6
DA:148,2
DA:149,4
DA:152,2
DA:153,2
DA:156,2
DA:159,1
DA:160,1
DA:162,5
DA:163,2
DA:164,2
DA:166,3
DA:169,1
DA:170,1
DA:172,3
DA:173,4
DA:176,2
DA:177,1
DA:179,3
DA:182,1
DA:183,1
DA:185,3
DA:186,4
DA:189,2
DA:190,1
DA:192,3
DA:195,1
DA:198,2
DA:201,4
DA:204,2
DA:205,2
DA:210,0
DA:215,1
DA:220,1
DA:221,4
DA:223,4
DA:225,1
DA:231,1
DA:233,2
DA:235,2
DA:237,2
DA:239,1
DA:241,1
DA:244,1
LF:96
LH:90
end_of_record
SF:lib/controller/controller_finishes.dart
DA:19,1
DA:22,0
DA:23,0
DA:27,1
DA:28,1
DA:31,3
DA:32,1
DA:33,1
DA:34,1
DA:36,1
DA:37,1
DA:38,1
DA:40,1
DA:41,1
DA:42,1
DA:44,1
DA:45,1
DA:46,1
DA:48,1
DA:49,1
DA:50,1
DA:52,1
DA:53,1
DA:54,1
DA:56,1
DA:57,1
DA:58,1
DA:60,1
DA:61,1
DA:62,1
DA:64,1
DA:65,1
DA:66,1
DA:68,1
DA:69,1
DA:70,1
DA:72,1
DA:73,1
DA:74,1
DA:76,1
DA:77,1
DA:78,1
DA:80,1
DA:81,1
DA:82,1
DA:84,1
DA:85,1
DA:86,1
DA:88,1
DA:89,1
DA:90,1
DA:92,1
DA:93,1
DA:94,1
DA:96,1
DA:97,1
DA:98,1
DA:100,1
DA:101,1
DA:102,1
DA:104,1
DA:105,1
DA:106,1
DA:108,1
DA:109,1
DA:110,1
DA:112,1
DA:113,1
DA:114,1
DA:116,1
DA:117,1
DA:118,1
DA:120,1
DA:121,1
DA:122,1
DA:124,1
DA:125,1
DA:126,1
DA:128,1
DA:129,1
DA:130,1
DA:132,1
DA:133,1
DA:134,1
DA:136,1
DA:137,1
DA:138,1
DA:140,1
DA:141,1
DA:142,1
DA:144,1
DA:145,1
DA:146,1
DA:148,1
DA:149,1
DA:150,1
DA:152,1
DA:153,1
DA:154,1
DA:156,1
DA:157,1
DA:158,1
DA:160,1
DA:161,1
DA:162,1
DA:164,1
DA:165,1
DA:166,1
DA:168,1
DA:169,1
DA:170,1
DA:172,1
DA:173,1
DA:174,1
DA:176,1
DA:177,1
DA:178,1
DA:180,1
DA:181,1
DA:182,1
DA:184,1
DA:185,1
DA:186,1
DA:188,1
DA:189,1
DA:190,1
DA:192,1
DA:193,1
DA:194,1
DA:196,1
DA:197,1
DA:198,1
DA:200,1
DA:201,1
DA:202,1
DA:204,1
DA:205,1
DA:206,1
DA:208,1
DA:209,1
DA:210,1
DA:212,1
DA:213,1
DA:214,1
DA:216,1
DA:217,1
DA:218,1
DA:220,1
DA:221,1
DA:222,1
DA:224,1
DA:225,1
DA:226,1
DA:228,1
DA:229,1
DA:230,1
DA:232,1
DA:233,1
DA:234,1
DA:236,1
DA:237,1
DA:238,1
DA:240,1
DA:241,1
DA:242,1
DA:244,1
DA:245,1
DA:246,1
DA:248,1
DA:249,1
DA:250,1
DA:252,1
DA:253,1
DA:254,1
DA:256,1
DA:257,1
DA:258,1
DA:260,1
DA:261,1
DA:262,1
DA:264,1
DA:265,1
DA:266,1
DA:268,1
DA:269,1
DA:270,1
DA:272,1
DA:273,1
DA:274,1
DA:276,1
DA:277,1
DA:278,1
DA:280,1
DA:281,1
DA:282,1
DA:284,1
DA:285,1
DA:286,1
DA:288,1
DA:289,1
DA:290,1
DA:292,1
DA:293,1
DA:294,1
DA:296,1
DA:297,1
DA:298,1
DA:300,1
DA:301,1
DA:302,1
DA:304,1
DA:305,1
DA:306,1
DA:308,1
DA:309,1
DA:310,1
DA:312,1
DA:313,1
DA:314,1
DA:316,1
DA:317,1
DA:318,1
DA:320,1
DA:321,1
DA:322,1
DA:324,1
DA:325,1
DA:326,1
DA:328,1
DA:329,1
DA:330,1
DA:332,1
DA:333,1
DA:334,1
DA:336,1
DA:337,1
DA:338,1
DA:340,1
DA:341,1
DA:342,1
DA:344,1
DA:345,1
DA:346,1
DA:348,1
DA:349,1
DA:350,1
DA:352,1
DA:353,1
DA:354,1
DA:356,1
DA:357,1
DA:358,1
DA:360,1
DA:361,1
DA:362,1
DA:364,1
DA:365,1
DA:366,1
DA:368,1
DA:369,1
DA:370,1
DA:372,1
DA:373,1
DA:374,1
DA:376,1
DA:377,1
DA:378,1
DA:380,1
DA:381,1
DA:382,1
DA:384,1
DA:385,1
DA:386,1
DA:388,1
DA:389,1
DA:390,1
DA:392,1
DA:393,1
DA:394,1
DA:396,1
DA:397,1
DA:398,1
DA:400,1
DA:401,1
DA:402,1
DA:404,1
DA:405,1
DA:406,1
DA:408,1
DA:409,1
DA:410,1
DA:412,1
DA:413,1
DA:414,1
DA:416,1
DA:417,1
DA:418,1
DA:420,1
DA:421,1
DA:422,1
DA:424,1
DA:425,1
DA:426,1
DA:428,1
DA:429,1
DA:430,1
DA:432,1
DA:433,1
DA:434,1
DA:436,1
DA:437,1
DA:438,1
DA:440,1
DA:441,1
DA:442,1
DA:471,1
DA:473,1
DA:474,1
DA:475,3
DA:476,2
DA:479,1
DA:480,1
DA:483,1
DA:484,1
DA:485,1
DA:488,1
DA:489,1
DA:490,1
DA:493,1
DA:494,1
DA:496,1
DA:497,1
DA:500,5
DA:502,0
DA:504,0
DA:507,1
DA:508,1
DA:511,2
DA:512,6
DA:513,1
DA:516,1
DA:518,2
DA:521,2
DA:522,3
DA:525,0
DA:526,0
DA:527,0
DA:528,0
DA:532,0
DA:536,1
DA:538,3
DA:539,2
DA:541,1
DA:542,5
DA:543,5
DA:544,2
DA:545,2
DA:546,1
DA:547,1
DA:548,1
DA:549,2
DA:550,2
DA:551,1
DA:554,1
DA:555,3
DA:558,1
DA:559,2
DA:562,1
DA:563,2
DA:566,1
DA:567,2
DA:568,2
DA:569,0
DA:570,0
DA:573,1
DA:574,2
DA:577,1
DA:578,1
DA:581,1
DA:582,1
DA:585,0
DA:586,0
DA:589,1
DA:590,2
DA:591,0
DA:592,0
DA:595,0
DA:597,0
DA:598,0
DA:599,0
DA:600,0
DA:601,0
DA:602,0
DA:603,0
DA:604,0
DA:605,0
DA:609,0
DA:610,0
DA:611,0
DA:612,0
DA:613,0
DA:614,0
DA:615,0
DA:617,0
DA:622,0
DA:626,0
DA:628,0
DA:630,0
DA:631,0
DA:635,0
DA:636,0
DA:637,0
DA:638,0
DA:640,0
DA:645,0
DA:647,0
DA:648,0
DA:650,0
DA:651,0
DA:652,0
DA:653,0
DA:655,0
DA:660,1
DA:662,1
DA:665,3
DA:668,0
DA:670,0
DA:671,0
DA:675,0
DA:677,0
DA:679,0
DA:681,0
DA:682,0
DA:683,0
DA:684,0
DA:688,0
DA:689,0
DA:692,0
DA:693,0
DA:696,0
DA:702,0
DA:706,0
DA:707,0
DA:708,0
DA:712,1
DA:713,2
DA:715,3
DA:717,1
DA:718,1
DA:719,1
DA:720,1
DA:721,1
DA:725,0
DA:726,0
DA:727,0
DA:730,1
DA:732,2
DA:734,2
DA:736,2
DA:738,2
DA:740,2
DA:743,1
DA:745,1
DA:746,2
DA:747,2
DA:749,1
DA:750,2
DA:751,2
DA:758,0
DA:759,0
DA:760,0
DA:761,0
DA:762,0
DA:765,0
DA:766,0
DA:767,0
DA:770,0
DA:771,0
DA:772,0
DA:776,0
DA:780,0
DA:784,1
DA:785,1
DA:786,1
DA:787,2
DA:788,0
DA:789,0
DA:790,0
DA:795,0
DA:797,0
DA:798,0
DA:801,0
DA:804,0
DA:807,0
DA:808,0
DA:810,0
LF:496
LH:399
end_of_record
SF:lib/controller/controller_halfit.dart
DA:17,2
DA:20,0
DA:21,0
DA:25,2
DA:26,2
DA:29,6
DA:53,2
DA:55,2
DA:56,2
DA:57,6
DA:58,4
DA:60,8
DA:61,4
DA:62,4
DA:63,4
DA:64,2
DA:65,2
DA:66,2
DA:67,2
DA:68,2
DA:71,0
DA:73,0
DA:76,2
DA:79,4
DA:80,4
DA:81,2
DA:82,2
DA:83,2
DA:84,2
DA:85,2
DA:86,2
DA:89,2
DA:90,2
DA:93,1
DA:95,1
DA:97,4
DA:98,4
DA:99,1
DA:101,6
DA:104,4
DA:105,5
DA:107,6
DA:108,6
DA:111,4
DA:112,6
DA:114,3
DA:117,4
DA:118,4
DA:120,2
DA:122,4
DA:123,10
DA:125,2
DA:126,2
DA:128,2
DA:131,4
DA:133,3
DA:134,1
DA:137,4
DA:143,6
DA:144,2
DA:145,6
DA:146,2
DA:150,2
DA:155,1
DA:157,1
DA:158,1
DA:159,4
DA:160,2
DA:161,3
DA:166,0
DA:169,1
DA:171,1
DA:174,3
DA:177,2
DA:180,1
DA:182,1
DA:185,1
DA:186,4
DA:189,1
DA:191,1
DA:192,6
DA:195,1
DA:197,1
DA:198,6
DA:201,1
DA:202,2
DA:206,7
DA:209,3
DA:212,1
DA:213,4
DA:216,0
DA:221,1
DA:226,1
DA:228,2
DA:230,2
DA:232,2
DA:234,1
DA:236,1
DA:239,1
LF:99
LH:93
end_of_record
SF:lib/controller/controller_killbull.dart
DA:17,1
DA:20,0
DA:21,0
DA:25,1
DA:26,1
DA:38,1
DA:40,1
DA:41,1
DA:42,3
DA:43,2
DA:45,2
DA:46,2
DA:47,2
DA:48,1
DA:49,1
DA:50,1
DA:53,0
DA:55,0
DA:58,1
DA:61,2
DA:62,3
DA:63,2
DA:64,2
DA:65,2
DA:66,2
DA:67,2
DA:71,2
DA:76,1
DA:79,3
DA:80,2
DA:81,2
DA:82,3
DA:84,1
DA:87,1
DA:88,1
DA:90,3
DA:91,1
DA:95,2
DA:98,1
DA:103,1
DA:105,2
DA:106,1
DA:107,1
DA:108,2
DA:109,2
DA:114,0
DA:117,1
DA:119,2
DA:121,2
DA:122,3
DA:125,4
DA:128,1
DA:131,2
DA:132,3
DA:135,1
DA:136,4
DA:139,1
DA:140,4
DA:143,1
DA:144,4
DA:147,0
DA:152,1
DA:157,1
DA:163,1
DA:164,2
DA:165,1
DA:167,1
DA:168,2
DA:172,1
DA:174,2
DA:176,2
DA:178,2
DA:180,2
DA:182,1
DA:184,1
DA:188,1
LF:76
LH:70
end_of_record
SF:lib/controller/controller_speedbull.dart
DA:18,1
DA:21,0
DA:22,0
DA:26,1
DA:27,1
DA:45,1
DA:47,1
DA:48,1
DA:49,3
DA:50,2
DA:53,3
DA:55,2
DA:56,2
DA:57,1
DA:58,1
DA:59,1
DA:60,1
DA:61,1
DA:62,2
DA:65,1
DA:66,1
DA:69,0
DA:71,0
DA:74,1
DA:75,2
DA:77,1
DA:78,2
DA:81,2
DA:82,0
DA:83,0
DA:85,0
DA:86,0
DA:87,0
DA:88,0
DA:92,1
DA:95,1
DA:98,2
DA:99,5
DA:101,5
DA:104,2
DA:105,2
DA:108,2
DA:109,2
DA:112,5
DA:114,1
DA:120,1
DA:125,1
DA:131,2
DA:136,2
DA:141,5
DA:142,2
DA:145,1
DA:146,1
DA:147,2
DA:148,1
DA:149,3
DA:150,1
DA:156,2
DA:157,3
DA:158,2
DA:160,1
DA:163,1
DA:168,0
DA:173,1
DA:178,1
DA:179,2
DA:182,1
DA:184,2
DA:185,1
DA:186,2
DA:189,1
DA:191,1
DA:192,1
DA:196,1
DA:198,2
DA:199,2
DA:201,2
DA:203,1
DA:205,1
DA:208,1
DA:214,1
DA:216,2
DA:218,1
DA:219,2
DA:222,1
DA:223,1
DA:224,2
DA:225,1
DA:230,0
DA:233,1
DA:235,2
DA:239,2
DA:241,2
DA:243,3
DA:244,2
DA:245,1
DA:249,3
DA:253,1
DA:254,1
DA:255,3
DA:257,3
DA:260,1
DA:262,2
DA:263,1
LF:104
LH:92
end_of_record
SF:lib/controller/controller_stats.dart
DA:18,2
DA:19,2
DA:21,1
DA:22,1
DA:25,1
DA:26,2
DA:27,0
DA:31,0
DA:32,0
DA:35,0
DA:36,0
DA:38,0
DA:39,0
DA:40,0
DA:42,0
DA:43,0
DA:44,0
DA:47,0
DA:48,0
DA:49,0
DA:55,0
DA:58,0
DA:59,0
DA:60,0
DA:61,0
DA:64,1
DA:65,1
DA:67,2
DA:68,1
DA:71,1
DA:74,0
DA:75,0
DA:76,0
DA:79,0
DA:80,0
DA:81,0
DA:88,0
DA:89,0
DA:90,0
DA:92,0
DA:93,0
DA:98,0
DA:106,0
DA:107,0
DA:108,0
DA:113,0
DA:115,0
DA:116,0
DA:122,0
DA:123,0
DA:124,0
DA:126,0
DA:127,0
DA:128,0
DA:133,0
DA:134,0
DA:141,0
DA:143,0
DA:152,0
DA:153,0
DA:155,0
DA:156,0
DA:159,0
DA:160,0
DA:162,0
DA:163,0
DA:170,0
DA:171,0
DA:178,1
DA:180,1
DA:181,1
DA:182,1
DA:183,1
DA:189,0
DA:190,0
DA:191,0
DA:193,0
DA:194,0
DA:195,0
DA:197,0
DA:198,0
DA:200,0
DA:201,0
DA:205,0
LF:84
LH:16
end_of_record
SF:lib/utils/web_helper_stub.dart
DA:2,0
DA:3,0
LF:2
LH:0
end_of_record
SF:lib/controller/controller_twodarts.dart
DA:17,1
DA:20,0
DA:21,0
DA:25,1
DA:26,1
DA:36,1
DA:38,1
DA:39,1
DA:40,3
DA:41,2
DA:43,2
DA:44,2
DA:45,1
DA:46,1
DA:49,0
DA:51,0
DA:54,1
DA:57,2
DA:58,2
DA:59,2
DA:61,2
DA:63,2
DA:64,2
DA:66,2
DA:68,1
DA:69,2
DA:71,2
DA:75,2
DA:76,2
DA:77,4
DA:80,1
DA:83,3
DA:84,3
DA:85,1
DA:89,1
DA:92,1
DA:94,1
DA:95,2
DA:100,0
DA:103,1
DA:106,3
DA:109,2
DA:110,2
DA:113,1
DA:114,4
DA:117,1
DA:119,1
DA:120,4
DA:121,3
DA:122,3
DA:124,1
DA:127,3
DA:130,1
DA:133,4
DA:135,5
DA:139,0
DA:144,1
DA:146,2
DA:147,3
DA:152,1
DA:153,1
DA:154,1
DA:156,7
DA:160,1
DA:162,2
DA:164,2
DA:166,2
DA:168,1
DA:170,1
DA:173,1
LF:70
LH:64
end_of_record
SF:lib/controller/controller_updown.dart
DA:17,1
DA:20,0
DA:21,0
DA:25,1
DA:26,1
DA:39,1
DA:41,1
DA:42,1
DA:43,3
DA:44,2
DA:46,2
DA:47,2
DA:48,2
DA:49,1
DA:50,1
DA:51,1
DA:52,1
DA:53,1
DA:56,0
DA:58,0
DA:61,1
DA:64,2
DA:65,2
DA:66,2
DA:68,2
DA:72,1
DA:73,2
DA:75,2
DA:77,0
DA:82,1
DA:84,2
DA:86,1
DA:88,0
DA:90,2
DA:91,1
DA:94,3
DA:95,0
DA:98,2
DA:99,2
DA:100,2
DA:101,1
DA:107,2
DA:108,1
DA:109,2
DA:112,2
DA:116,1
DA:118,1
DA:120,1
DA:124,3
DA:125,0
DA:129,1
DA:132,2
DA:133,2
DA:134,3
DA:135,3
DA:139,3
DA:140,2
DA:143,1
DA:146,3
DA:147,3
DA:148,1
DA:154,1
DA:156,2
DA:158,1
DA:159,2
DA:160,1
DA:161,2
DA:162,2
DA:166,0
DA:169,1
DA:171,2
DA:175,2
DA:176,5
DA:179,3
DA:180,3
DA:183,2
DA:186,1
DA:187,1
DA:190,8
DA:192,3
DA:193,2
DA:194,4
DA:196,3
DA:199,1
DA:200,1
DA:203,8
DA:206,3
DA:207,2
DA:208,4
DA:210,3
DA:213,1
DA:214,1
DA:216,4
DA:217,3
DA:220,3
DA:221,1
DA:223,3
DA:226,1
DA:229,3
DA:232,4
DA:235,2
DA:240,0
DA:245,1
DA:250,1
DA:252,6
DA:254,1
DA:255,1
DA:256,1
DA:257,1
DA:262,1
DA:264,2
DA:266,2
DA:268,2
DA:270,2
DA:272,1
DA:274,1
DA:278,1
LF:117
LH:107
end_of_record
SF:lib/styles.dart
DA:5,16
DA:6,16
DA:8,16
DA:9,16
DA:12,80
DA:13,16
DA:14,16
DA:19,0
DA:20,0
DA:21,0
DA:26,0
DA:28,0
DA:31,11
DA:32,11
DA:33,11
DA:35,33
DA:42,12
DA:43,12
DA:44,12
DA:49,3
DA:50,3
DA:52,3
DA:55,3
DA:57,9
DA:58,6
DA:59,9
DA:64,3
DA:65,3
DA:66,3
DA:71,16
DA:72,16
DA:73,32
DA:78,16
DA:79,16
DA:80,32
DA:85,16
DA:86,16
DA:87,32
DA:92,14
DA:93,14
DA:94,14
DA:99,8
DA:100,8
DA:101,8
DA:106,10
DA:107,10
DA:108,10
DA:113,2
DA:114,2
DA:115,0
DA:117,2
DA:118,2
DA:119,2
DA:124,15
DA:125,15
DA:126,15
DA:131,15
DA:132,15
DA:133,30
DA:138,2
DA:139,2
DA:140,4
DA:145,45
DA:150,24
DA:151,8
DA:155,8
DA:156,8
DA:157,16
DA:162,1
DA:163,1
DA:164,2
DA:169,12
DA:170,12
DA:171,0
DA:173,12
DA:174,12
DA:175,12
DA:180,12
DA:181,12
DA:182,0
DA:184,12
DA:185,12
DA:186,12
DA:194,0
DA:195,0
DA:196,0
DA:198,0
DA:199,0
DA:202,0
DA:206,1
DA:207,1
DA:208,1
DA:213,1
DA:214,1
DA:215,1
DA:220,5
DA:222,5
DA:223,0
DA:225,5
DA:226,5
DA:227,5
DA:232,1
DA:233,1
DA:234,1
DA:240,0
DA:241,0
DA:242,0
DA:248,0
DA:249,0
DA:250,0
DA:255,0
DA:256,0
DA:257,0
DA:263,3
DA:264,3
DA:265,0
DA:267,3
DA:268,3
DA:269,3
LF:119
LH:94
end_of_record
SF:lib/utils/responsive.dart
DA:4,17
DA:5,51
DA:6,51
DA:11,17
DA:17,17
DA:20,17
DA:22,0
DA:23,17
DA:25,0
DA:30,17
DA:35,17
DA:37,34
DA:40,17
DA:41,51
DA:42,51
DA:44,17
DA:47,17
DA:51,0
DA:52,0
DA:54,0
DA:57,15
DA:58,15
DA:60,15
DA:61,0
DA:65,2
DA:66,2
DA:68,2
DA:69,0
DA:73,16
DA:74,16
DA:76,16
DA:80,15
DA:81,15
LF:33
LH:26
end_of_record
SF:lib/widget/target_sequence.dart
DA:6,1
DA:17,1
DA:19,1
DA:24,1
DA:25,1
DA:26,1
DA:27,1
DA:33,2
DA:34,1
DA:35,2
DA:36,2
DA:47,1
DA:48,1
DA:49,2
DA:50,2
LF:15
LH:15
end_of_record
SF:lib/widget/header.dart
DA:6,16
DA:13,16
DA:15,16
DA:16,16
DA:17,16
DA:18,16
DA:22,16
DA:24,16
DA:25,16
DA:26,16
DA:27,16
DA:34,16
DA:36,16
DA:37,0
DA:38,0
DA:40,16
DA:41,16
DA:44,16
LF:18
LH:16
end_of_record
SF:lib/widget/numpad.dart
DA:8,15
DA:28,15
DA:31,15
DA:32,0
DA:33,15
DA:34,15
DA:35,0
DA:36,15
DA:38,15
DA:39,15
DA:40,17
DA:41,6
DA:42,15
DA:44,15
DA:45,15
DA:46,15
DA:49,15
DA:50,15
DA:51,15
DA:52,30
DA:53,15
DA:59,15
DA:60,4
DA:63,4
DA:65,4
DA:66,8
DA:67,4
DA:68,12
DA:72,15
DA:73,6
DA:76,6
DA:78,6
DA:79,12
DA:80,6
DA:81,18
DA:85,15
DA:86,13
DA:89,13
DA:91,13
DA:92,26
DA:93,13
DA:94,39
DA:99,15
DA:100,3
DA:102,3
DA:104,3
DA:105,9
DA:106,6
DA:107,6
DA:112,13
DA:114,13
DA:116,13
DA:117,39
DA:118,26
DA:119,39
DA:131,15
DA:133,15
DA:134,30
DA:137,15
DA:139,15
DA:141,15
DA:142,15
DA:143,15
DA:146,0
DA:149,0
DA:150,0
DA:151,0
DA:155,8
DA:156,30
DA:157,15
DA:158,0
DA:159,0
DA:164,15
DA:167,3
DA:170,8
DA:171,1
DA:173,15
DA:174,2
DA:183,2
DA:185,2
DA:187,2
DA:188,2
DA:189,2
DA:191,2
DA:193,2
DA:194,2
DA:195,2
DA:196,2
DA:197,2
DA:198,2
DA:202,2
DA:204,2
DA:206,2
DA:207,2
DA:208,2
DA:209,2
DA:210,2
DA:211,2
LF:98
LH:90
end_of_record
SF:lib/widget/checkout.dart
DA:8,3
DA:26,1
DA:27,2
DA:28,1
DA:32,5
DA:37,4
DA:38,2
DA:39,1
DA:40,1
DA:41,1
DA:42,1
DA:43,1
DA:51,3
DA:55,3
DA:57,2
DA:59,4
DA:60,1
DA:61,1
DA:63,1
DA:64,1
DA:66,1
DA:68,1
DA:72,1
DA:74,1
DA:76,1
DA:77,1
DA:78,2
DA:81,1
DA:84,1
DA:85,1
DA:87,1
DA:104,3
DA:110,3
DA:113,3
DA:114,3
DA:115,3
DA:117,3
DA:121,3
DA:123,3
DA:125,3
DA:127,4
DA:128,7
DA:129,2
DA:131,2
DA:132,2
DA:133,2
DA:134,1
DA:136,2
DA:137,1
DA:138,1
DA:140,2
DA:141,2
DA:143,2
DA:150,4
DA:151,11
DA:152,3
DA:154,3
DA:155,3
DA:156,3
DA:157,0
DA:159,0
DA:160,0
DA:161,0
DA:163,3
DA:164,3
DA:166,3
DA:173,3
DA:175,3
DA:176,3
DA:177,3
DA:178,0
DA:180,0
DA:181,0
DA:182,0
DA:184,3
DA:185,3
DA:187,3
LF:77
LH:69
end_of_record
SF:lib/view/view_bigts.dart
DA:10,3
DA:17,1
DA:19,1
DA:21,2
DA:22,1
DA:24,1
DA:26,1
DA:28,1
DA:29,1
DA:31,1
DA:33,2
DA:35,1
DA:37,1
DA:38,1
DA:40,1
DA:41,1
DA:43,1
DA:44,1
DA:46,1
DA:48,1
DA:49,1
DA:51,1
DA:56,1
DA:58,1
DA:64,1
DA:66,1
DA:76,1
DA:78,1
DA:94,1
DA:96,1
DA:97,1
DA:98,1
DA:100,1
DA:101,2
DA:102,1
DA:103,5
DA:104,1
DA:106,2
DA:107,1
DA:108,2
DA:109,7
DA:111,1
DA:115,1
DA:117,1
DA:118,2
LF:45
LH:45
end_of_record
SF:lib/widget/scorecolumn.dart
DA:5,12
DA:16,12
DA:17,24
DA:20,12
DA:22,12
DA:23,12
DA:24,12
DA:25,12
DA:26,12
DA:28,12
DA:29,12
DA:30,24
DA:31,9
DA:32,36
LF:14
LH:14
end_of_record
SF:lib/view/view_bobs27.dart
DA:11,3
DA:18,1
DA:22,3
DA:24,1
DA:27,1
DA:28,0
DA:32,2
DA:33,1
DA:35,1
DA:36,1
DA:37,1
DA:39,1
DA:40,1
DA:43,1
DA:45,2
DA:49,1
DA:51,1
DA:52,1
DA:54,1
DA:55,1
DA:57,1
DA:58,1
DA:60,1
DA:62,1
DA:64,1
DA:66,1
DA:75,1
DA:77,1
DA:86,1
DA:88,1
DA:101,1
DA:103,1
DA:121,1
DA:123,1
DA:124,1
DA:125,1
DA:127,1
DA:128,1
DA:130,1
DA:132,1
DA:133,2
DA:134,1
DA:136,1
DA:138,1
DA:140,1
DA:141,2
DA:142,1
DA:144,1
DA:146,1
DA:148,1
DA:149,2
DA:150,1
DA:154,1
DA:156,1
DA:157,1
DA:159,1
LF:56
LH:55
end_of_record
SF:lib/view/view_catchxx.dart
DA:11,3
DA:18,1
DA:22,3
DA:24,1
DA:27,1
DA:28,0
DA:32,2
DA:33,1
DA:35,1
DA:36,1
DA:37,1
DA:39,1
DA:40,1
DA:43,1
DA:45,2
DA:49,1
DA:51,1
DA:52,1
DA:54,1
DA:55,1
DA:57,1
DA:58,1
DA:60,1
DA:62,1
DA:64,1
DA:66,1
DA:75,1
DA:77,1
DA:86,1
DA:88,1
DA:101,1
DA:103,1
DA:121,1
DA:123,1
DA:124,1
DA:125,1
DA:127,1
DA:128,1
DA:130,1
DA:132,1
DA:133,2
DA:134,1
DA:136,1
DA:138,1
DA:140,1
DA:141,2
DA:142,1
DA:144,1
DA:146,1
DA:148,1
DA:149,2
DA:150,1
DA:154,1
DA:156,1
DA:157,1
DA:159,1
LF:56
LH:55
end_of_record
SF:lib/view/view_challenge.dart
DA:13,3
DA:17,0
DA:18,0
DA:22,0
DA:24,0
DA:25,0
DA:27,0
DA:28,0
DA:31,0
DA:32,0
DA:33,0
DA:34,0
DA:35,0
DA:36,0
DA:44,0
DA:45,0
DA:46,0
DA:49,0
DA:50,0
DA:51,0
DA:52,0
DA:53,0
DA:54,0
DA:63,0
DA:70,0
DA:71,0
DA:72,0
DA:73,0
DA:74,0
DA:77,0
DA:78,0
DA:79,0
DA:82,0
DA:83,0
DA:84,0
DA:87,0
DA:88,0
DA:89,0
LF:38
LH:1
end_of_record
SF:lib/view/view_rtcx.dart
DA:12,3
DA:19,1
DA:23,3
DA:25,1
DA:28,1
DA:29,0
DA:32,1
DA:33,0
DA:35,2
DA:37,1
DA:40,1
DA:41,1
DA:42,1
DA:43,2
DA:44,1
DA:49,0
DA:55,1
DA:58,0
DA:61,1
DA:62,1
DA:63,1
DA:65,1
DA:66,1
DA:69,1
DA:71,2
DA:75,1
DA:77,1
DA:78,1
DA:80,1
DA:81,1
DA:82,1
DA:84,1
DA:86,1
DA:88,1
DA:91,1
DA:92,2
DA:93,1
DA:95,1
DA:96,2
DA:97,1
DA:99,1
DA:100,3
DA:111,1
DA:113,1
DA:131,1
DA:133,1
DA:134,1
DA:135,1
DA:137,1
DA:138,1
DA:140,1
DA:142,1
DA:143,2
DA:144,1
DA:146,1
DA:148,1
DA:150,1
DA:151,2
DA:152,1
DA:156,1
DA:158,1
DA:159,1
DA:161,1
LF:63
LH:59
end_of_record
SF:lib/view/view_shootx.dart
DA:11,3
DA:18,1
DA:22,3
DA:24,1
DA:27,1
DA:28,0
DA:31,2
DA:32,1
DA:34,1
DA:35,1
DA:36,1
DA:38,1
DA:39,1
DA:42,1
DA:44,2
DA:48,1
DA:50,1
DA:51,1
DA:53,1
DA:54,1
DA:56,1
DA:57,1
DA:59,1
DA:61,1
DA:63,1
DA:65,1
DA:74,1
DA:76,1
DA:85,1
DA:87,1
DA:100,1
DA:102,1
DA:120,1
DA:122,1
DA:123,1
DA:124,1
DA:126,1
DA:127,1
DA:129,1
DA:131,1
DA:132,2
DA:133,1
DA:135,1
DA:137,1
DA:139,1
DA:140,2
DA:141,1
DA:145,1
DA:147,1
DA:148,1
DA:150,1
LF:51
LH:50
end_of_record
SF:lib/view/view_xxxcheckout.dart
DA:11,3
DA:18,1
DA:21,1
DA:24,1
DA:25,0
DA:27,1
DA:29,0
DA:32,0
DA:33,0
DA:34,0
DA:35,0
DA:36,0
DA:40,0
DA:46,1
DA:49,0
DA:51,1
DA:52,1
DA:53,1
DA:55,1
DA:56,1
DA:59,1
DA:61,2
DA:65,1
DA:67,1
DA:68,1
DA:70,1
DA:72,1
DA:74,1
DA:75,1
DA:77,1
DA:79,1
DA:81,1
DA:83,1
DA:92,1
DA:94,1
DA:103,1
DA:105,1
DA:114,1
DA:116,1
DA:125,1
DA:127,1
DA:145,1
DA:147,1
DA:148,1
DA:149,1
DA:151,1
DA:152,1
DA:154,1
DA:156,1
DA:157,2
DA:158,1
DA:160,1
DA:162,1
DA:164,1
DA:165,2
DA:166,1
DA:168,1
DA:170,1
DA:172,1
DA:173,2
DA:174,1
DA:178,1
DA:180,1
DA:181,1
DA:183,1
LF:65
LH:56
end_of_record
SF:lib/view/view_check121.dart
DA:11,3
DA:18,1
DA:22,3
DA:24,1
DA:27,1
DA:28,0
DA:32,2
DA:33,1
DA:35,1
DA:36,1
DA:37,1
DA:39,1
DA:40,1
DA:43,1
DA:45,2
DA:49,1
DA:51,1
DA:52,1
DA:54,1
DA:55,1
DA:57,1
DA:58,1
DA:60,1
DA:62,1
DA:64,1
DA:66,1
DA:75,1
DA:77,1
DA:86,1
DA:88,1
DA:101,1
DA:103,1
DA:121,1
DA:123,1
DA:124,1
DA:125,1
DA:127,1
DA:128,1
DA:130,1
DA:132,1
DA:133,2
DA:134,1
DA:136,1
DA:138,1
DA:140,1
DA:141,2
DA:142,1
DA:144,1
DA:146,1
DA:148,1
DA:149,2
DA:150,1
DA:152,1
DA:154,1
DA:156,1
DA:157,2
DA:158,1
DA:162,1
DA:164,1
DA:165,1
DA:167,1
LF:61
LH:60
end_of_record
SF:lib/view/view_creditfinish.dart
DA:11,3
DA:18,1
DA:22,3
DA:24,1
DA:27,1
DA:28,0
DA:32,2
DA:33,1
DA:36,1
DA:37,1
DA:38,1
DA:40,1
DA:42,1
DA:43,1
DA:46,1
DA:48,2
DA:52,1
DA:54,1
DA:55,1
DA:57,1
DA:58,1
DA:59,1
DA:61,1
DA:63,1
DA:65,1
DA:67,1
DA:69,1
DA:77,1
DA:79,1
DA:87,1
DA:89,1
DA:98,1
DA:100,1
DA:102,1
DA:103,1
DA:104,1
DA:105,1
DA:106,1
DA:118,1
DA:120,1
DA:121,1
DA:122,1
DA:124,1
DA:125,1
DA:127,1
DA:129,1
DA:130,2
DA:131,1
DA:133,1
DA:135,1
DA:137,1
DA:138,2
DA:139,1
DA:141,1
DA:143,1
DA:145,1
DA:146,8
DA:147,1
DA:151,1
DA:153,1
DA:154,1
DA:156,1
LF:62
LH:61
end_of_record
SF:lib/view/view_cricket.dart
DA:11,3
DA:18,0
DA:21,0
DA:24,0
DA:25,0
DA:28,0
DA:30,0
DA:31,0
DA:32,0
DA:33,0
DA:36,0
DA:37,0
DA:40,0
DA:43,0
DA:47,0
DA:50,0
DA:51,0
DA:52,0
DA:53,0
DA:54,0
DA:59,0
DA:66,0
DA:69,0
DA:72,0
DA:73,0
DA:74,0
DA:76,0
DA:77,0
DA:80,0
DA:82,0
DA:86,0
DA:88,0
DA:89,0
DA:91,0
DA:93,0
DA:95,0
DA:96,0
DA:98,0
DA:100,0
DA:102,0
DA:109,0
DA:111,0
DA:130,0
DA:132,0
DA:133,0
DA:134,0
DA:136,0
DA:137,0
DA:139,0
DA:141,0
DA:142,0
DA:143,0
DA:145,0
DA:147,0
DA:149,0
DA:150,0
DA:151,0
DA:153,0
DA:155,0
DA:157,0
DA:158,0
DA:159,0
DA:161,0
DA:163,0
DA:165,0
DA:166,0
DA:167,0
DA:171,0
DA:173,0
DA:174,0
DA:176,0
LF:71
LH:1
end_of_record
SF:lib/widget/cricket_board.dart
DA:6,0
DA:13,0
DA:15,0
DA:16,0
DA:20,0
DA:22,0
DA:23,0
DA:25,0
DA:26,0
DA:27,0
DA:29,0
DA:30,0
DA:32,0
DA:34,0
DA:39,0
DA:40,0
DA:42,0
DA:46,0
DA:47,0
DA:48,0
DA:59,0
LF:21
LH:0
end_of_record
SF:lib/view/view_doublepath.dart
DA:10,3
DA:17,1
DA:20,1
DA:23,2
DA:24,1
DA:26,1
DA:28,1
DA:30,1
DA:31,1
DA:34,1
DA:36,2
DA:40,1
DA:42,1
DA:43,1
DA:45,1
DA:46,1
DA:48,1
DA:49,1
DA:51,1
DA:53,1
DA:55,1
DA:57,1
DA:66,1
DA:68,1
DA:77,1
DA:79,1
DA:92,1
DA:94,1
DA:112,1
DA:114,1
DA:115,1
DA:116,1
DA:118,1
DA:119,1
DA:121,1
DA:123,1
DA:124,2
DA:125,2
DA:127,1
DA:128,1
DA:130,1
DA:132,1
DA:134,1
DA:135,2
DA:136,2
DA:137,2
DA:138,1
DA:139,1
DA:140,1
DA:142,1
DA:146,1
DA:148,1
DA:149,1
DA:151,1
LF:54
LH:54
end_of_record
SF:lib/view/view_finishes.dart
DA:13,3
DA:20,1
DA:21,1
DA:27,1
DA:31,3
DA:33,1
DA:36,1
DA:37,0
DA:41,1
DA:42,0
DA:46,2
DA:47,1
DA:48,3
DA:49,1
DA:53,1
DA:54,1
DA:55,1
DA:57,1
DA:58,1
DA:61,1
DA:63,2
DA:67,1
DA:69,1
DA:70,1
DA:72,1
DA:73,1
DA:75,1
DA:76,1
DA:78,1
DA:80,1
DA:82,1
DA:84,1
DA:85,1
DA:87,1
DA:88,2
DA:89,1
DA:91,1
DA:92,1
DA:93,1
DA:96,1
DA:97,2
DA:98,1
DA:105,1
DA:106,1
DA:107,1
DA:110,1
DA:111,1
DA:112,1
DA:115,1
DA:116,1
DA:117,1
DA:120,1
DA:121,1
DA:122,1
DA:129,1
DA:130,1
DA:131,1
DA:139,1
DA:141,1
DA:142,1
DA:145,1
DA:146,1
DA:147,1
DA:149,1
DA:155,2
DA:159,1
DA:168,1
DA:174,1
DA:175,1
DA:177,1
DA:180,1
DA:183,1
DA:184,1
DA:186,1
DA:189,1
DA:190,1
DA:191,0
DA:193,1
DA:195,1
DA:197,1
DA:204,1
DA:205,1
DA:206,1
DA:208,1
DA:211,1
DA:212,1
DA:213,1
DA:214,1
DA:215,1
DA:219,1
DA:220,0
DA:221,0
DA:222,0
DA:223,0
DA:224,0
DA:225,0
DA:227,0
DA:230,0
DA:231,0
DA:233,0
DA:236,0
DA:261,1
DA:263,1
DA:264,1
DA:266,1
DA:268,1
DA:269,1
DA:271,1
DA:273,1
DA:274,2
DA:275,1
DA:277,1
DA:279,1
DA:281,1
DA:282,2
DA:283,1
DA:285,1
DA:287,1
DA:289,1
DA:290,2
DA:291,1
DA:295,1
DA:297,1
DA:298,1
DA:300,1
DA:312,1
DA:313,1
DA:316,1
DA:321,0
DA:322,0
DA:323,0
DA:325,0
LF:132
LH:114
end_of_record
SF:lib/widget/arcsection.dart
DA:7,2
DA:19,2
DA:27,2
DA:29,8
DA:30,4
DA:31,6
DA:32,8
DA:33,12
DA:34,2
DA:35,2
DA:37,2
DA:38,2
DA:39,2
DA:41,8
DA:43,2
DA:44,2
DA:45,2
DA:46,2
DA:48,2
DA:49,10
DA:50,4
DA:51,10
DA:52,2
DA:54,4
DA:56,2
DA:60,2
DA:61,2
DA:62,2
DA:64,4
DA:65,12
DA:68,2
DA:69,2
DA:70,2
DA:71,2
DA:72,4
DA:74,2
DA:75,10
DA:77,2
DA:78,4
DA:81,0
DA:86,0
DA:88,0
DA:89,0
DA:91,0
DA:92,0
DA:94,0
DA:95,0
DA:96,0
DA:98,0
DA:101,0
DA:103,0
DA:106,0
DA:109,0
DA:110,0
DA:115,0
DA:116,0
DA:117,0
DA:118,0
DA:121,0
DA:123,0
DA:124,0
DA:125,0
DA:126,0
LF:63
LH:39
end_of_record
SF:lib/widget/fullcircle.dart
DA:33,2
DA:40,2
DA:46,2
DA:47,0
DA:48,0
DA:49,0
DA:50,0
DA:53,0
DA:54,0
DA:55,0
DA:56,0
DA:57,0
DA:60,0
DA:61,0
DA:66,0
DA:68,0
DA:69,0
DA:70,0
DA:71,0
DA:72,0
DA:75,0
DA:77,0
DA:81,0
DA:82,0
DA:83,0
DA:84,0
DA:85,0
DA:89,0
DA:90,0
DA:92,0
DA:97,0
DA:98,0
DA:99,0
DA:100,0
DA:101,0
DA:102,0
DA:104,0
DA:106,0
DA:108,0
DA:109,0
DA:110,0
DA:111,0
DA:114,0
DA:120,2
DA:121,10
DA:122,2
DA:123,2
DA:124,2
DA:141,2
DA:149,2
DA:153,4
DA:154,2
DA:155,4
DA:156,4
DA:157,6
DA:161,2
DA:162,2
DA:164,6
DA:166,2
DA:169,2
DA:172,14
DA:175,10
DA:178,4
DA:181,8
DA:182,8
DA:183,8
DA:187,6
DA:188,2
DA:189,4
DA:190,2
DA:196,2
DA:200,2
DA:201,2
DA:203,2
DA:204,12
DA:208,2
DA:209,2
DA:210,2
DA:212,4
DA:213,12
DA:217,2
DA:218,2
DA:219,2
DA:220,2
DA:221,4
DA:223,2
DA:224,10
DA:226,2
DA:227,4
DA:230,1
LF:90
LH:50
end_of_record
SF:lib/widget/finishes_range_dialog.dart
DA:6,3
DA:8,1
DA:9,1
DA:22,1
DA:24,1
DA:28,1
DA:32,1
DA:33,1
DA:34,1
DA:35,1
DA:37,1
DA:38,1
DA:39,1
DA:40,1
DA:42,1
DA:46,5
DA:47,1
DA:48,1
DA:49,1
DA:50,1
DA:51,1
DA:52,0
DA:53,0
DA:54,0
DA:57,1
DA:59,1
DA:60,2
DA:61,1
DA:63,1
DA:64,1
DA:65,2
DA:67,1
DA:71,1
DA:73,1
DA:74,1
DA:77,1
DA:79,1
DA:80,2
DA:84,2
DA:93,1
DA:94,3
DA:95,1
DA:103,1
DA:104,1
DA:105,1
DA:107,1
DA:108,1
DA:109,0
DA:110,1
DA:111,2
DA:114,1
DA:115,0
DA:116,1
DA:117,2
LF:54
LH:49
end_of_record
SF:lib/view/view_halfit.dart
DA:11,3
DA:18,1
DA:22,3
DA:24,1
DA:27,1
DA:28,0
DA:32,2
DA:33,1
DA:35,1
DA:36,1
DA:37,1
DA:39,1
DA:40,1
DA:43,1
DA:45,2
DA:49,1
DA:51,1
DA:52,1
DA:54,1
DA:55,1
DA:57,1
DA:58,1
DA:60,1
DA:62,1
DA:64,1
DA:66,1
DA:75,1
DA:77,1
DA:86,1
DA:88,1
DA:101,1
DA:103,1
DA:121,1
DA:123,1
DA:124,1
DA:125,1
DA:127,1
DA:128,1
DA:130,1
DA:132,1
DA:133,2
DA:134,1
DA:136,1
DA:138,1
DA:140,1
DA:141,2
DA:142,1
DA:146,1
DA:148,1
DA:149,1
DA:151,1
LF:51
LH:50
end_of_record
SF:lib/view/view_killbull.dart
DA:11,3
DA:18,1
DA:22,3
DA:24,1
DA:27,1
DA:28,0
DA:31,2
DA:32,1
DA:34,1
DA:35,1
DA:36,1
DA:38,1
DA:39,1
DA:42,1
DA:44,2
DA:48,1
DA:50,1
DA:51,1
DA:53,1
DA:54,1
DA:56,1
DA:57,1
DA:59,1
DA:61,1
DA:63,1
DA:65,1
DA:74,1
DA:76,1
DA:85,1
DA:87,1
DA:100,1
DA:102,1
DA:120,1
DA:122,1
DA:123,1
DA:124,1
DA:126,1
DA:127,1
DA:129,1
DA:131,1
DA:132,2
DA:133,1
DA:135,1
DA:137,1
DA:139,1
DA:140,2
DA:141,1
DA:143,1
DA:145,1
DA:147,1
DA:148,2
DA:149,1
DA:153,1
DA:155,1
DA:156,1
DA:158,1
LF:56
LH:55
end_of_record
SF:lib/widget/checknumber.dart
DA:6,1
DA:15,1
DA:17,3
DA:18,1
DA:23,2
DA:26,1
DA:27,1
DA:28,1
DA:30,1
DA:31,2
DA:32,1
DA:36,1
DA:38,1
DA:39,1
DA:41,1
DA:43,1
DA:46,1
DA:48,1
DA:50,2
LF:19
LH:19
end_of_record
SF:lib/view/view_speedbull.dart
DA:11,3
DA:18,1
DA:22,3
DA:24,1
DA:27,1
DA:28,0
DA:31,2
DA:32,1
DA:34,1
DA:35,1
DA:36,1
DA:38,1
DA:39,1
DA:42,1
DA:44,2
DA:48,1
DA:50,1
DA:51,1
DA:53,1
DA:54,1
DA:56,1
DA:57,1
DA:59,1
DA:60,1
DA:62,1
DA:64,1
DA:66,1
DA:67,1
DA:68,1
DA:69,1
DA:72,1
DA:73,1
DA:74,1
DA:75,0
DA:76,1
DA:83,1
DA:85,1
DA:87,1
DA:97,1
DA:99,1
DA:101,1
DA:102,1
DA:104,1
DA:105,1
DA:107,1
DA:109,1
DA:110,2
DA:111,1
DA:116,1
DA:118,1
DA:119,1
DA:121,1
DA:123,1
DA:124,2
DA:125,1
DA:138,1
DA:140,1
DA:158,1
DA:160,1
DA:161,1
DA:162,1
DA:164,1
DA:165,1
DA:167,1
DA:169,1
DA:170,2
DA:171,1
DA:173,1
DA:175,1
DA:177,1
DA:178,2
DA:179,1
DA:181,1
DA:183,1
DA:185,1
DA:186,2
DA:187,1
DA:191,1
DA:193,1
DA:194,1
DA:196,1
LF:81
LH:79
end_of_record
SF:lib/view/view_stats.dart
DA:7,3
DA:9,0
DA:11,0
DA:12,0
DA:14,0
DA:15,0
DA:18,0
DA:20,0
DA:21,0
DA:24,0
DA:30,0
DA:32,0
DA:33,0
DA:35,0
DA:36,0
DA:46,0
DA:47,0
DA:49,0
DA:51,0
DA:52,0
DA:53,0
DA:54,0
DA:55,0
DA:56,0
DA:67,0
DA:69,0
DA:70,0
DA:72,0
DA:73,0
DA:75,0
DA:76,0
DA:77,0
DA:79,0
DA:80,0
DA:85,0
DA:86,0
DA:88,0
DA:89,0
DA:94,0
DA:95,0
DA:97,0
DA:98,0
DA:99,0
DA:101,0
DA:104,0
DA:105,0
DA:106,0
DA:109,0
DA:110,0
DA:111,0
DA:112,0
DA:113,0
DA:114,0
DA:142,0
DA:143,0
DA:144,0
DA:146,0
DA:148,0
DA:150,0
DA:152,0
DA:153,0
DA:154,0
DA:159,0
DA:160,0
DA:162,0
DA:163,0
DA:164,0
DA:165,0
DA:166,0
DA:167,0
DA:168,0
DA:183,0
DA:184,0
DA:185,0
DA:187,0
LF:75
LH:1
end_of_record
SF:lib/view/view_twodarts.dart
DA:11,3
DA:18,1
DA:22,3
DA:24,1
DA:27,1
DA:28,0
DA:31,2
DA:32,1
DA:34,1
DA:35,1
DA:36,1
DA:38,1
DA:39,1
DA:42,1
DA:44,2
DA:48,1
DA:50,1
DA:51,1
DA:53,1
DA:54,1
DA:56,1
DA:57,1
DA:59,1
DA:61,1
DA:63,1
DA:65,1
DA:74,1
DA:76,1
DA:89,1
DA:91,1
DA:109,1
DA:111,1
DA:112,1
DA:113,1
DA:115,1
DA:116,1
DA:118,1
DA:120,1
DA:121,2
DA:122,1
DA:124,1
DA:126,1
DA:128,1
DA:129,3
DA:130,1
DA:134,1
DA:136,1
DA:137,1
DA:139,1
LF:49
LH:48
end_of_record
SF:lib/view/view_updown.dart
DA:11,3
DA:18,1
DA:22,3
DA:24,1
DA:27,1
DA:28,0
DA:31,2
DA:32,1
DA:34,1
DA:35,1
DA:37,1
DA:39,1
DA:40,1
DA:43,1
DA:45,2
DA:49,1
DA:51,1
DA:52,1
DA:54,1
DA:55,1
DA:57,1
DA:58,1
DA:60,1
DA:62,1
DA:64,1
DA:66,1
DA:75,1
DA:77,1
DA:86,1
DA:88,1
DA:101,1
DA:103,1
DA:121,1
DA:123,1
DA:124,1
DA:125,1
DA:127,1
DA:128,1
DA:130,1
DA:132,1
DA:133,2
DA:134,1
DA:136,1
DA:138,1
DA:140,1
DA:141,2
DA:142,1
DA:144,1
DA:146,1
DA:148,1
DA:149,2
DA:150,1
DA:152,1
DA:154,1
DA:156,1
DA:157,1
DA:158,1
DA:159,1
DA:163,1
DA:165,1
DA:166,1
DA:168,1
LF:62
LH:61
end_of_record
SF:lib/widget/version_info.dart
DA:5,3
DA:7,0
DA:8,0
DA:14,0
DA:16,0
DA:17,0
DA:20,0
DA:21,0
DA:22,0
DA:23,0
DA:27,0
DA:29,0
DA:30,0
DA:31,0
DA:32,0
LF:15
LH:1
end_of_record
